This is pdfTeX, Version 3.14159265-2.6-1.40.21 (TeX Live 2020) (preloaded format=latex 2020.4.29)  23 FEB 2023 18:48
entering extended mode
**"201B notes.tex"
(201B notes.tex
LaTeX2e <2020-02-02> patch level 5
L3 programming layer <2020-03-06>
(/var/mobile/Containers/Data/Application/6C9FEFAA-4487-4660-BEE0-1B033EB4CD44/L
ibrary/Caches/texmf-dist/./tex/latex/extsizes/extarticle.cls
Document Class: extarticle 1996/10/08 v1.0 Non Standard LaTeX document class

(/var/mobile/Containers/Data/Application/6C9FEFAA-4487-4660-BEE0-1B033EB4CD44/L
ibrary/Caches/texmf-dist/./tex/latex/extsizes/size14.clo
File: size14.clo 1999/11/11 v1.4a NON-Standard LaTeX file (size option)
)
(/private/var/containers/Bundle/Application/5F5005C8-E695-448A-B8AF-6037706974F
2/TeX Writer.app/texmf-base/./tex/latex/base/exscale.sty
Package: exscale 2018/09/24 v2.1i Standard LaTeX package exscale
LaTeX Font Info:    Redeclaring symbol font `largesymbols' on input line 57.
LaTeX Font Info:    Overwriting symbol font `largesymbols' in version `normal'
(Font)                  OMX/cmex/m/n --> OMX/cmex/m/n on input line 57.
LaTeX Font Info:    Overwriting symbol font `largesymbols' in version `bold'
(Font)                  OMX/cmex/m/n --> OMX/cmex/m/n on input line 57.
\big@size=\dimen134
)
\c@part=\count167
\c@section=\count168
\c@subsection=\count169
\c@subsubsection=\count170
\c@paragraph=\count171
\c@subparagraph=\count172
\c@figure=\count173
\c@table=\count174
\abovecaptionskip=\skip47
\belowcaptionskip=\skip48
\bibindent=\dimen135
) (preamble.tex
(/var/mobile/Containers/Data/Application/6C9FEFAA-4487-4660-BEE0-1B033EB4CD44/L
ibrary/Caches/texmf-dist/./tex/latex/preprint/authblk.sty
Package: authblk 2001/02/27 1.3 (PWD)
\affilsep=\skip49
\@affilsep=\skip50
\c@Maxaffil=\count175
\c@authors=\count176
\c@affil=\count177
)
(/var/mobile/Containers/Data/Application/6C9FEFAA-4487-4660-BEE0-1B033EB4CD44/L
ibrary/Caches/texmf-dist/./tex/latex/microtype/microtype.sty
Package: microtype 2019/11/18 v2.7d Micro-typographical refinements (RS)

(/private/var/containers/Bundle/Application/5F5005C8-E695-448A-B8AF-6037706974F
2/TeX Writer.app/texmf-base/./tex/latex/graphics/keyval.sty
Package: keyval 2014/10/28 v1.15 key=value parser (DPC)
\KV@toks@=\toks15
)
\MT@toks=\toks16
\MT@count=\count178
LaTeX Info: Redefining \textls on input line 790.
\MT@outer@kern=\dimen136
LaTeX Info: Redefining \textmicrotypecontext on input line 1354.
\MT@listname@count=\count179

(/var/mobile/Containers/Data/Application/6C9FEFAA-4487-4660-BEE0-1B033EB4CD44/L
ibrary/Caches/texmf-dist/./tex/latex/microtype/microtype-pdftex.def
File: microtype-pdftex.def 2019/11/18 v2.7d Definitions specific to pdftex (RS)

LaTeX Info: Redefining \lsstyle on input line 914.
LaTeX Info: Redefining \lslig on input line 914.
\MT@outer@space=\skip51
)
Package microtype Info: Loading configuration file microtype.cfg.

(/var/mobile/Containers/Data/Application/6C9FEFAA-4487-4660-BEE0-1B033EB4CD44/L
ibrary/Caches/texmf-dist/./tex/latex/microtype/microtype.cfg
File: microtype.cfg 2019/11/18 v2.7d microtype main configuration file (RS)
))
(/private/var/containers/Bundle/Application/5F5005C8-E695-448A-B8AF-6037706974F
2/TeX Writer.app/texmf-base/./tex/latex/amsfonts/amssymb.sty
Package: amssymb 2013/01/14 v3.01 AMS font symbols

(/private/var/containers/Bundle/Application/5F5005C8-E695-448A-B8AF-6037706974F
2/TeX Writer.app/texmf-base/./tex/latex/amsfonts/amsfonts.sty
Package: amsfonts 2013/01/14 v3.01 Basic AMSFonts support
\@emptytoks=\toks17
\symAMSa=\mathgroup4
\symAMSb=\mathgroup5
LaTeX Font Info:    Redeclaring math symbol \hbar on input line 98.
LaTeX Font Info:    Overwriting math alphabet `\mathfrak' in version `bold'
(Font)                  U/euf/m/n --> U/euf/b/n on input line 106.
))
(/var/mobile/Containers/Data/Application/6C9FEFAA-4487-4660-BEE0-1B033EB4CD44/L
ibrary/Caches/texmf-dist/./tex/latex/siunitx/siunitx.sty
(/var/mobile/Containers/Data/Application/6C9FEFAA-4487-4660-BEE0-1B033EB4CD44/L
ibrary/Caches/texmf-dist/./tex/latex/l3kernel/expl3.sty
Package: expl3 2020-03-06 L3 programming layer (loader) 

(/private/var/containers/Bundle/Application/5F5005C8-E695-448A-B8AF-6037706974F
2/TeX Writer.app/texmf-base/./tex/latex/l3backend/l3backend-pdfmode.def
File: l3backend-pdfmode.def 2020-03-12 L3 backend support: PDF mode
\l__kernel_color_stack_int=\count180
\l__pdf_internal_box=\box45
))
(/var/mobile/Containers/Data/Application/6C9FEFAA-4487-4660-BEE0-1B033EB4CD44/L
ibrary/Caches/texmf-dist/./tex/latex/l3packages/xparse/xparse.sty
Package: xparse 2020-03-06 L3 Experimental document command parser
\l__xparse_current_arg_int=\count181
\g__xparse_grabber_int=\count182
\l__xparse_m_args_int=\count183
\l__xparse_v_nesting_int=\count184
)
Package: siunitx 2020/02/25 v2.8b A comprehensive (SI) units package

(/private/var/containers/Bundle/Application/5F5005C8-E695-448A-B8AF-6037706974F
2/TeX Writer.app/texmf-base/./tex/latex/amsmath/amstext.sty
Package: amstext 2000/06/29 v2.01 AMS text

(/private/var/containers/Bundle/Application/5F5005C8-E695-448A-B8AF-6037706974F
2/TeX Writer.app/texmf-base/./tex/latex/amsmath/amsgen.sty
File: amsgen.sty 1999/11/30 v2.0 generic functions
\@emptytoks=\toks18
\ex@=\dimen137
))
(/var/mobile/Containers/Data/Application/6C9FEFAA-4487-4660-BEE0-1B033EB4CD44/L
ibrary/Caches/texmf-dist/./tex/latex/tools/array.sty
Package: array 2019/08/31 v2.4l Tabular extension package (FMi)
\col@sep=\dimen138
\ar@mcellbox=\box46
\extrarowheight=\dimen139
\NC@list=\toks19
\extratabsurround=\skip52
\backup@length=\skip53
\ar@cellbox=\box47
)
(/var/mobile/Containers/Data/Application/6C9FEFAA-4487-4660-BEE0-1B033EB4CD44/L
ibrary/Caches/texmf-dist/./tex/latex/l3packages/l3keys2e/l3keys2e.sty
Package: l3keys2e 2020-03-06 LaTeX2e option processing using LaTeX3 keys
)
\l__siunitx_tmp_box=\box48
\l__siunitx_tmp_dim=\dimen140
\l__siunitx_tmp_int=\count185
\l__siunitx_number_mantissa_length_int=\count186
\l__siunitx_number_uncert_length_int=\count187
\l__siunitx_round_int=\count188
\l__siunitx_process_decimal_int=\count189
\l__siunitx_process_uncertainty_int=\count190
\l__siunitx_process_fixed_int=\count191
\l__siunitx_process_integer_min_int=\count192
\l__siunitx_process_precision_int=\count193
\l__siunitx_group_min_int=\count194
\l__siunitx_angle_marker_box=\box49
\l__siunitx_angle_unit_box=\box50
\l__siunitx_angle_marker_dim=\dimen141
\l__siunitx_angle_unit_dim=\dimen142
\l__siunitx_unit_int=\count195
\l__siunitx_unit_denominator_int=\count196
\l__siunitx_unit_numerator_int=\count197
\l__siunitx_unit_prefix_int=\count198
\l__siunitx_unit_prefix_base_int=\count199
\l__siunitx_unit_prefix_gram_int=\count266
\l__siunitx_number_product_int=\count267
\c__siunitx_one_fill_skip=\skip54
\l__siunitx_table_unit_align_skip=\skip55
\l__siunitx_table_exponent_dim=\dimen143
\l__siunitx_table_integer_dim=\dimen144
\l__siunitx_table_mantissa_dim=\dimen145
\l__siunitx_table_marker_dim=\dimen146
\l__siunitx_table_result_dim=\dimen147
\l__siunitx_table_uncert_dim=\dimen148
\l__siunitx_table_fill_pre_dim=\dimen149
\l__siunitx_table_fill_post_dim=\dimen150
\l__siunitx_table_fill_mid_dim=\dimen151
\l__siunitx_table_pre_box=\box51
\l__siunitx_table_post_box=\box52
\l__siunitx_table_mantissa_box=\box53
\l__siunitx_table_result_box=\box54
\l__siunitx_table_number_align_skip=\skip56
\l__siunitx_table_text_align_skip=\skip57

(/var/mobile/Containers/Data/Application/6C9FEFAA-4487-4660-BEE0-1B033EB4CD44/L
ibrary/Caches/texmf-dist/./tex/latex/translator/translator.sty
Package: translator 2019-05-31 v1.12a Easy translation of strings in LaTeX
))
(/var/mobile/Containers/Data/Application/6C9FEFAA-4487-4660-BEE0-1B033EB4CD44/L
ibrary/Caches/texmf-dist/./tex/latex/jknapltx/mathrsfs.sty
Package: mathrsfs 1996/01/01 Math RSFS package v1.0 (jk)
\symrsfs=\mathgroup6
)
(/var/mobile/Containers/Data/Application/6C9FEFAA-4487-4660-BEE0-1B033EB4CD44/L
ibrary/Caches/texmf-dist/./tex/latex/mathtools/mathtools.sty
Package: mathtools 2020/03/24 v1.24 mathematical typesetting tools

(/var/mobile/Containers/Data/Application/6C9FEFAA-4487-4660-BEE0-1B033EB4CD44/L
ibrary/Caches/texmf-dist/./tex/latex/tools/calc.sty
Package: calc 2017/05/25 v4.3 Infix arithmetic (KKT,FJ)
\calc@Acount=\count268
\calc@Bcount=\count269
\calc@Adimen=\dimen152
\calc@Bdimen=\dimen153
\calc@Askip=\skip58
\calc@Bskip=\skip59
LaTeX Info: Redefining \setlength on input line 80.
LaTeX Info: Redefining \addtolength on input line 81.
\calc@Ccount=\count270
\calc@Cskip=\skip60
)
(/var/mobile/Containers/Data/Application/6C9FEFAA-4487-4660-BEE0-1B033EB4CD44/L
ibrary/Caches/texmf-dist/./tex/latex/mathtools/mhsetup.sty
Package: mhsetup 2017/03/31 v1.3 programming setup (MH)
)
(/private/var/containers/Bundle/Application/5F5005C8-E695-448A-B8AF-6037706974F
2/TeX Writer.app/texmf-base/./tex/latex/amsmath/amsmath.sty
Package: amsmath 2020/01/20 v2.17e AMS math features
\@mathmargin=\skip61

For additional information on amsmath, use the `?' option.

(/private/var/containers/Bundle/Application/5F5005C8-E695-448A-B8AF-6037706974F
2/TeX Writer.app/texmf-base/./tex/latex/amsmath/amsbsy.sty
Package: amsbsy 1999/11/29 v1.2d Bold Symbols
\pmbraise@=\dimen154
)
(/private/var/containers/Bundle/Application/5F5005C8-E695-448A-B8AF-6037706974F
2/TeX Writer.app/texmf-base/./tex/latex/amsmath/amsopn.sty
Package: amsopn 2016/03/08 v2.02 operator names
)
\inf@bad=\count271
LaTeX Info: Redefining \frac on input line 227.
\uproot@=\count272
\leftroot@=\count273
LaTeX Info: Redefining \overline on input line 389.
\classnum@=\count274
\DOTSCASE@=\count275
LaTeX Info: Redefining \ldots on input line 486.
LaTeX Info: Redefining \dots on input line 489.
LaTeX Info: Redefining \cdots on input line 610.
\Mathstrutbox@=\box55
\strutbox@=\box56
\big@size=\dimen155
LaTeX Font Info:    Redeclaring font encoding OML on input line 733.
LaTeX Font Info:    Redeclaring font encoding OMS on input line 734.
\macc@depth=\count276
\c@MaxMatrixCols=\count277
\dotsspace@=\muskip16
\c@parentequation=\count278
\dspbrk@lvl=\count279
\tag@help=\toks20
\row@=\count280
\column@=\count281
\maxfields@=\count282
\andhelp@=\toks21
\eqnshift@=\dimen156
\alignsep@=\dimen157
\tagshift@=\dimen158
\tagwidth@=\dimen159
\totwidth@=\dimen160
\lineht@=\dimen161
\@envbody=\toks22
\multlinegap=\skip62
\multlinetaggap=\skip63
\mathdisplay@stack=\toks23
LaTeX Info: Redefining \[ on input line 2859.
LaTeX Info: Redefining \] on input line 2860.
)
LaTeX Info: Thecontrolsequence`\('isalreadyrobust on input line 130.
LaTeX Info: Thecontrolsequence`\)'isalreadyrobust on input line 130.
LaTeX Info: Thecontrolsequence`\['isalreadyrobust on input line 130.
LaTeX Info: Thecontrolsequence`\]'isalreadyrobust on input line 130.
\g_MT_multlinerow_int=\count283
\l_MT_multwidth_dim=\dimen162
\origjot=\skip64
\l_MT_shortvdotswithinadjustabove_dim=\dimen163
\l_MT_shortvdotswithinadjustbelow_dim=\dimen164
\l_MT_above_intertext_sep=\dimen165
\l_MT_below_intertext_sep=\dimen166
\l_MT_above_shortintertext_sep=\dimen167
\l_MT_below_shortintertext_sep=\dimen168
\xmathstrut@box=\box57
\xmathstrut@dim=\dimen169
)
(/var/mobile/Containers/Data/Application/6C9FEFAA-4487-4660-BEE0-1B033EB4CD44/L
ibrary/Caches/texmf-dist/./tex/latex/esint/esint.sty
Package: esint 
\symlargesymbolsA=\mathgroup7
)
(/private/var/containers/Bundle/Application/5F5005C8-E695-448A-B8AF-6037706974F
2/TeX Writer.app/texmf-base/./tex/latex/amscls/amsthm.sty
Package: amsthm 2017/10/31 v2.20.4
\thm@style=\toks24
\thm@bodyfont=\toks25
\thm@headfont=\toks26
\thm@notefont=\toks27
\thm@headpunct=\toks28
\thm@preskip=\skip65
\thm@postskip=\skip66
\thm@headsep=\skip67
\dth@everypar=\toks29
)
(/var/mobile/Containers/Data/Application/6C9FEFAA-4487-4660-BEE0-1B033EB4CD44/L
ibrary/Caches/texmf-dist/./tex/latex/relsize/relsize.sty
Package: relsize 2013/03/29 ver 4.1
)
(/var/mobile/Containers/Data/Application/6C9FEFAA-4487-4660-BEE0-1B033EB4CD44/L
ibrary/Caches/texmf-dist/./tex/latex/tools/bm.sty
Package: bm 2019/07/24 v1.2d Bold Symbol Support (DPC/FMi)
\symboldoperators=\mathgroup8
\symboldletters=\mathgroup9
\symboldsymbols=\mathgroup10
LaTeX Font Info:    Redeclaring math alphabet \mathbf on input line 141.
LaTeX Info: Redefining \bm on input line 209.
)
(/var/mobile/Containers/Data/Application/6C9FEFAA-4487-4660-BEE0-1B033EB4CD44/L
ibrary/Caches/texmf-dist/./tex/latex/bbm-macros/bbm.sty
Package: bbm 1999/03/15 V 1.2 provides fonts for set symbols - TH
LaTeX Font Info:    Overwriting math alphabet `\mathbbm' in version `bold'
(Font)                  U/bbm/m/n --> U/bbm/bx/n on input line 33.
LaTeX Font Info:    Overwriting math alphabet `\mathbbmss' in version `bold'
(Font)                  U/bbmss/m/n --> U/bbmss/bx/n on input line 35.
)
(/private/var/containers/Bundle/Application/5F5005C8-E695-448A-B8AF-6037706974F
2/TeX Writer.app/texmf-base/./tex/latex/graphics/graphicx.sty
Package: graphicx 2019/11/30 v1.2a Enhanced LaTeX Graphics (DPC,SPQR)

(/private/var/containers/Bundle/Application/5F5005C8-E695-448A-B8AF-6037706974F
2/TeX Writer.app/texmf-base/./tex/latex/graphics/graphics.sty
Package: graphics 2019/11/30 v1.4a Standard LaTeX Graphics (DPC,SPQR)

(/private/var/containers/Bundle/Application/5F5005C8-E695-448A-B8AF-6037706974F
2/TeX Writer.app/texmf-base/./tex/latex/graphics/trig.sty
Package: trig 2016/01/03 v1.10 sin cos tan (DPC)
)
(/var/mobile/Containers/Data/Application/6C9FEFAA-4487-4660-BEE0-1B033EB4CD44/L
ibrary/Caches/texmf-dist/./tex/latex/graphics-cfg/graphics.cfg
File: graphics.cfg 2016/06/04 v1.11 sample graphics configuration
)
Package graphics Info: Driver file: pdftex.def on input line 105.

(/var/mobile/Containers/Data/Application/6C9FEFAA-4487-4660-BEE0-1B033EB4CD44/L
ibrary/Caches/texmf-dist/./tex/latex/graphics-def/pdftex.def
File: pdftex.def 2018/01/08 v1.0l Graphics/color driver for pdftex
))
\Gin@req@height=\dimen170
\Gin@req@width=\dimen171
)
(/var/mobile/Containers/Data/Application/6C9FEFAA-4487-4660-BEE0-1B033EB4CD44/L
ibrary/Caches/texmf-dist/./tex/latex/float/float.sty
Package: float 2001/11/08 v1.3d Float enhancements (AL)
\c@float@type=\count284
\float@exts=\toks30
\float@box=\box58
\@float@everytoks=\toks31
\@floatcapt=\box59
)
(/var/mobile/Containers/Data/Application/6C9FEFAA-4487-4660-BEE0-1B033EB4CD44/L
ibrary/Caches/texmf-dist/./tex/latex/caption/caption.sty
Package: caption 2020/01/03 v3.4h Customizing captions (AR)

(/var/mobile/Containers/Data/Application/6C9FEFAA-4487-4660-BEE0-1B033EB4CD44/L
ibrary/Caches/texmf-dist/./tex/latex/caption/caption3.sty
Package: caption3 2020/01/03 v1.8h caption3 kernel (AR)
Package caption3 Info: TeX engine: e-TeX on input line 61.
\captionmargin=\dimen172
\captionmargin@=\dimen173
\captionwidth=\dimen174
\caption@tempdima=\dimen175
\caption@indent=\dimen176
\caption@parindent=\dimen177
\caption@hangindent=\dimen178
Package caption Info: Standard document class detected.
)
\c@caption@flags=\count285
\c@continuedfloat=\count286
Package caption Info: float package is loaded.
)
(/private/var/containers/Bundle/Application/5F5005C8-E695-448A-B8AF-6037706974F
2/TeX Writer.app/texmf-base/./tex/latex/hyperref/hyperref.sty
Package: hyperref 2020/01/14 v7.00d Hypertext links for LaTeX

(/var/mobile/Containers/Data/Application/6C9FEFAA-4487-4660-BEE0-1B033EB4CD44/L
ibrary/Caches/texmf-dist/./tex/generic/ltxcmds/ltxcmds.sty
Package: ltxcmds 2019/12/15 v1.24 LaTeX kernel commands for general use (HO)
)
(/var/mobile/Containers/Data/Application/6C9FEFAA-4487-4660-BEE0-1B033EB4CD44/L
ibrary/Caches/texmf-dist/./tex/generic/iftex/iftex.sty
Package: iftex 2020/03/06 v1.0d TeX engine tests
)
(/var/mobile/Containers/Data/Application/6C9FEFAA-4487-4660-BEE0-1B033EB4CD44/L
ibrary/Caches/texmf-dist/./tex/latex/pdftexcmds/pdftexcmds.sty
Package: pdftexcmds 2019/11/24 v0.31 Utility functions of pdfTeX for LuaTeX (HO
)

(/var/mobile/Containers/Data/Application/6C9FEFAA-4487-4660-BEE0-1B033EB4CD44/L
ibrary/Caches/texmf-dist/./tex/generic/infwarerr/infwarerr.sty
Package: infwarerr 2019/12/03 v1.5 Providing info/warning/error messages (HO)
)
Package pdftexcmds Info: \pdf@primitive is available.
Package pdftexcmds Info: \pdf@ifprimitive is available.
Package pdftexcmds Info: \pdfdraftmode found.
)
(/var/mobile/Containers/Data/Application/6C9FEFAA-4487-4660-BEE0-1B033EB4CD44/L
ibrary/Caches/texmf-dist/./tex/generic/kvsetkeys/kvsetkeys.sty
Package: kvsetkeys 2019/12/15 v1.18 Key value parser (HO)
)
(/var/mobile/Containers/Data/Application/6C9FEFAA-4487-4660-BEE0-1B033EB4CD44/L
ibrary/Caches/texmf-dist/./tex/generic/kvdefinekeys/kvdefinekeys.sty
Package: kvdefinekeys 2019-12-19 v1.6 Define keys (HO)
)
(/var/mobile/Containers/Data/Application/6C9FEFAA-4487-4660-BEE0-1B033EB4CD44/L
ibrary/Caches/texmf-dist/./tex/generic/pdfescape/pdfescape.sty
Package: pdfescape 2019/12/09 v1.15 Implements pdfTeX's escape features (HO)
)
(/var/mobile/Containers/Data/Application/6C9FEFAA-4487-4660-BEE0-1B033EB4CD44/L
ibrary/Caches/texmf-dist/./tex/latex/hycolor/hycolor.sty
Package: hycolor 2020-01-27 v1.10 Color options for hyperref/bookmark (HO)
)
(/var/mobile/Containers/Data/Application/6C9FEFAA-4487-4660-BEE0-1B033EB4CD44/L
ibrary/Caches/texmf-dist/./tex/latex/letltxmacro/letltxmacro.sty
Package: letltxmacro 2019/12/03 v1.6 Let assignment for LaTeX macros (HO)
)
(/var/mobile/Containers/Data/Application/6C9FEFAA-4487-4660-BEE0-1B033EB4CD44/L
ibrary/Caches/texmf-dist/./tex/latex/auxhook/auxhook.sty
Package: auxhook 2019-12-17 v1.6 Hooks for auxiliary files (HO)
)
(/var/mobile/Containers/Data/Application/6C9FEFAA-4487-4660-BEE0-1B033EB4CD44/L
ibrary/Caches/texmf-dist/./tex/latex/kvoptions/kvoptions.sty
Package: kvoptions 2019/11/29 v3.13 Key value format for package options (HO)
)
\@linkdim=\dimen179
\Hy@linkcounter=\count287
\Hy@pagecounter=\count288

(/private/var/containers/Bundle/Application/5F5005C8-E695-448A-B8AF-6037706974F
2/TeX Writer.app/texmf-base/./tex/latex/hyperref/pd1enc.def
File: pd1enc.def 2020/01/14 v7.00d Hyperref: PDFDocEncoding definition (HO)
Now handling font encoding PD1 ...
... no UTF-8 mapping file for font encoding PD1
)
(/var/mobile/Containers/Data/Application/6C9FEFAA-4487-4660-BEE0-1B033EB4CD44/L
ibrary/Caches/texmf-dist/./tex/generic/intcalc/intcalc.sty
Package: intcalc 2019/12/15 v1.3 Expandable calculations with integers (HO)
)
(/var/mobile/Containers/Data/Application/6C9FEFAA-4487-4660-BEE0-1B033EB4CD44/L
ibrary/Caches/texmf-dist/./tex/generic/etexcmds/etexcmds.sty
Package: etexcmds 2019/12/15 v1.7 Avoid name clashes with e-TeX commands (HO)
)
\Hy@SavedSpaceFactor=\count289
Package hyperref Info: Hyper figures OFF on input line 4547.
Package hyperref Info: Link nesting OFF on input line 4552.
Package hyperref Info: Hyper index ON on input line 4555.
Package hyperref Info: Plain pages OFF on input line 4562.
Package hyperref Info: Backreferencing OFF on input line 4567.
Package hyperref Info: Implicit mode ON; LaTeX internals redefined.
Package hyperref Info: Bookmarks ON on input line 4800.
\c@Hy@tempcnt=\count290

(/var/mobile/Containers/Data/Application/6C9FEFAA-4487-4660-BEE0-1B033EB4CD44/L
ibrary/Caches/texmf-dist/./tex/latex/url/url.sty
\Urlmuskip=\muskip17
Package: url 2013/09/16  ver 3.4  Verb mode for urls, etc.
)
LaTeX Info: Redefining \url on input line 5159.
\XeTeXLinkMargin=\dimen180

(/var/mobile/Containers/Data/Application/6C9FEFAA-4487-4660-BEE0-1B033EB4CD44/L
ibrary/Caches/texmf-dist/./tex/generic/bitset/bitset.sty
Package: bitset 2019/12/09 v1.3 Handle bit-vector datatype (HO)

(/var/mobile/Containers/Data/Application/6C9FEFAA-4487-4660-BEE0-1B033EB4CD44/L
ibrary/Caches/texmf-dist/./tex/generic/bigintcalc/bigintcalc.sty
Package: bigintcalc 2019/12/15 v1.5 Expandable calculations on big integers (HO
)
))
\Fld@menulength=\count291
\Field@Width=\dimen181
\Fld@charsize=\dimen182
Package hyperref Info: Hyper figures OFF on input line 6430.
Package hyperref Info: Link nesting OFF on input line 6435.
Package hyperref Info: Hyper index ON on input line 6438.
Package hyperref Info: backreferencing OFF on input line 6445.
Package hyperref Info: Link coloring OFF on input line 6450.
Package hyperref Info: Link coloring with OCG OFF on input line 6455.
Package hyperref Info: PDF/A mode OFF on input line 6460.
LaTeX Info: Redefining \ref on input line 6500.
LaTeX Info: Redefining \pageref on input line 6504.

(/var/mobile/Containers/Data/Application/6C9FEFAA-4487-4660-BEE0-1B033EB4CD44/L
ibrary/Caches/texmf-dist/./tex/generic/atbegshi/atbegshi.sty
Package: atbegshi 2019/12/05 v1.19 At begin shipout hook (HO)
)
\Hy@abspage=\count292
\c@Item=\count293
\c@Hfootnote=\count294
)
Package hyperref Info: Driver (autodetected): hpdftex.

(/private/var/containers/Bundle/Application/5F5005C8-E695-448A-B8AF-6037706974F
2/TeX Writer.app/texmf-base/./tex/latex/hyperref/hpdftex.def
File: hpdftex.def 2020/01/14 v7.00d Hyperref driver for pdfTeX

(/var/mobile/Containers/Data/Application/6C9FEFAA-4487-4660-BEE0-1B033EB4CD44/L
ibrary/Caches/texmf-dist/./tex/latex/atveryend/atveryend.sty
Package: atveryend 2019-12-11 v1.11 Hooks at the very end of document (HO)
Package atveryend Info: \enddocument detected (standard20110627).
)
\Fld@listcount=\count295
\c@bookmark@seq@number=\count296

(/var/mobile/Containers/Data/Application/6C9FEFAA-4487-4660-BEE0-1B033EB4CD44/L
ibrary/Caches/texmf-dist/./tex/latex/rerunfilecheck/rerunfilecheck.sty
Package: rerunfilecheck 2019/12/05 v1.9 Rerun checks for auxiliary files (HO)

(/var/mobile/Containers/Data/Application/6C9FEFAA-4487-4660-BEE0-1B033EB4CD44/L
ibrary/Caches/texmf-dist/./tex/generic/uniquecounter/uniquecounter.sty
Package: uniquecounter 2019/12/15 v1.4 Provide unlimited unique counter (HO)
)
Package uniquecounter Info: New unique counter `rerunfilecheck' on input line 2
86.
)
\Hy@SectionHShift=\skip68
)
(/var/mobile/Containers/Data/Application/6C9FEFAA-4487-4660-BEE0-1B033EB4CD44/L
ibrary/Caches/texmf-dist/./tex/latex/pgf/frontendlayer/tikz.sty
(/var/mobile/Containers/Data/Application/6C9FEFAA-4487-4660-BEE0-1B033EB4CD44/L
ibrary/Caches/texmf-dist/./tex/latex/pgf/basiclayer/pgf.sty
(/var/mobile/Containers/Data/Application/6C9FEFAA-4487-4660-BEE0-1B033EB4CD44/L
ibrary/Caches/texmf-dist/./tex/latex/pgf/utilities/pgfrcs.sty
(/var/mobile/Containers/Data/Application/6C9FEFAA-4487-4660-BEE0-1B033EB4CD44/L
ibrary/Caches/texmf-dist/./tex/generic/pgf/utilities/pgfutil-common.tex
\pgfutil@everybye=\toks32
\pgfutil@tempdima=\dimen183
\pgfutil@tempdimb=\dimen184

(/var/mobile/Containers/Data/Application/6C9FEFAA-4487-4660-BEE0-1B033EB4CD44/L
ibrary/Caches/texmf-dist/./tex/generic/pgf/utilities/pgfutil-common-lists.tex))

(/var/mobile/Containers/Data/Application/6C9FEFAA-4487-4660-BEE0-1B033EB4CD44/L
ibrary/Caches/texmf-dist/./tex/generic/pgf/utilities/pgfutil-latex.def
\pgfutil@abb=\box60

(/var/mobile/Containers/Data/Application/6C9FEFAA-4487-4660-BEE0-1B033EB4CD44/L
ibrary/Caches/texmf-dist/./tex/latex/ms/everyshi.sty
Package: everyshi 2001/05/15 v3.00 EveryShipout Package (MS)
))
(/var/mobile/Containers/Data/Application/6C9FEFAA-4487-4660-BEE0-1B033EB4CD44/L
ibrary/Caches/texmf-dist/./tex/generic/pgf/utilities/pgfrcs.code.tex
(/var/mobile/Containers/Data/Application/6C9FEFAA-4487-4660-BEE0-1B033EB4CD44/L
ibrary/Caches/texmf-dist/./tex/generic/pgf/pgf.revision.tex)
Package: pgfrcs 2020/01/08 v3.1.5b (3.1.5b)
))
Package: pgf 2020/01/08 v3.1.5b (3.1.5b)

(/var/mobile/Containers/Data/Application/6C9FEFAA-4487-4660-BEE0-1B033EB4CD44/L
ibrary/Caches/texmf-dist/./tex/latex/pgf/basiclayer/pgfcore.sty
(/var/mobile/Containers/Data/Application/6C9FEFAA-4487-4660-BEE0-1B033EB4CD44/L
ibrary/Caches/texmf-dist/./tex/latex/pgf/systemlayer/pgfsys.sty
(/var/mobile/Containers/Data/Application/6C9FEFAA-4487-4660-BEE0-1B033EB4CD44/L
ibrary/Caches/texmf-dist/./tex/generic/pgf/systemlayer/pgfsys.code.tex
Package: pgfsys 2020/01/08 v3.1.5b (3.1.5b)

(/var/mobile/Containers/Data/Application/6C9FEFAA-4487-4660-BEE0-1B033EB4CD44/L
ibrary/Caches/texmf-dist/./tex/generic/pgf/utilities/pgfkeys.code.tex
\pgfkeys@pathtoks=\toks33
\pgfkeys@temptoks=\toks34

(/var/mobile/Containers/Data/Application/6C9FEFAA-4487-4660-BEE0-1B033EB4CD44/L
ibrary/Caches/texmf-dist/./tex/generic/pgf/utilities/pgfkeysfiltered.code.tex
\pgfkeys@tmptoks=\toks35
))
\pgf@x=\dimen185
\pgf@y=\dimen186
\pgf@xa=\dimen187
\pgf@ya=\dimen188
\pgf@xb=\dimen189
\pgf@yb=\dimen190
\pgf@xc=\dimen191
\pgf@yc=\dimen192
\pgf@xd=\dimen193
\pgf@yd=\dimen194
\w@pgf@writea=\write3
\r@pgf@reada=\read2
\c@pgf@counta=\count297
\c@pgf@countb=\count298
\c@pgf@countc=\count299
\c@pgf@countd=\count300
\t@pgf@toka=\toks36
\t@pgf@tokb=\toks37
\t@pgf@tokc=\toks38
\pgf@sys@id@count=\count301

(/var/mobile/Containers/Data/Application/6C9FEFAA-4487-4660-BEE0-1B033EB4CD44/L
ibrary/Caches/texmf-dist/./tex/generic/pgf/systemlayer/pgf.cfg
File: pgf.cfg 2020/01/08 v3.1.5b (3.1.5b)
)
Driver file for pgf: pgfsys-pdftex.def

(/var/mobile/Containers/Data/Application/6C9FEFAA-4487-4660-BEE0-1B033EB4CD44/L
ibrary/Caches/texmf-dist/./tex/generic/pgf/systemlayer/pgfsys-pdftex.def
File: pgfsys-pdftex.def 2020/01/08 v3.1.5b (3.1.5b)

(/var/mobile/Containers/Data/Application/6C9FEFAA-4487-4660-BEE0-1B033EB4CD44/L
ibrary/Caches/texmf-dist/./tex/generic/pgf/systemlayer/pgfsys-common-pdf.def
File: pgfsys-common-pdf.def 2020/01/08 v3.1.5b (3.1.5b)
)))
(/var/mobile/Containers/Data/Application/6C9FEFAA-4487-4660-BEE0-1B033EB4CD44/L
ibrary/Caches/texmf-dist/./tex/generic/pgf/systemlayer/pgfsyssoftpath.code.tex
File: pgfsyssoftpath.code.tex 2020/01/08 v3.1.5b (3.1.5b)
\pgfsyssoftpath@smallbuffer@items=\count302
\pgfsyssoftpath@bigbuffer@items=\count303
)
(/var/mobile/Containers/Data/Application/6C9FEFAA-4487-4660-BEE0-1B033EB4CD44/L
ibrary/Caches/texmf-dist/./tex/generic/pgf/systemlayer/pgfsysprotocol.code.tex
File: pgfsysprotocol.code.tex 2020/01/08 v3.1.5b (3.1.5b)
))
(/var/mobile/Containers/Data/Application/6C9FEFAA-4487-4660-BEE0-1B033EB4CD44/L
ibrary/Caches/texmf-dist/./tex/latex/xcolor/xcolor.sty
Package: xcolor 2016/05/11 v2.12 LaTeX color extensions (UK)

(/var/mobile/Containers/Data/Application/6C9FEFAA-4487-4660-BEE0-1B033EB4CD44/L
ibrary/Caches/texmf-dist/./tex/latex/graphics-cfg/color.cfg
File: color.cfg 2016/01/02 v1.6 sample color configuration
)
Package xcolor Info: Driver file: pdftex.def on input line 225.
Package xcolor Info: Model `cmy' substituted by `cmy0' on input line 1348.
Package xcolor Info: Model `hsb' substituted by `rgb' on input line 1352.
Package xcolor Info: Model `RGB' extended on input line 1364.
Package xcolor Info: Model `HTML' substituted by `rgb' on input line 1366.
Package xcolor Info: Model `Hsb' substituted by `hsb' on input line 1367.
Package xcolor Info: Model `tHsb' substituted by `hsb' on input line 1368.
Package xcolor Info: Model `HSB' substituted by `hsb' on input line 1369.
Package xcolor Info: Model `Gray' substituted by `gray' on input line 1370.
Package xcolor Info: Model `wave' substituted by `hsb' on input line 1371.

(/var/mobile/Containers/Data/Application/6C9FEFAA-4487-4660-BEE0-1B033EB4CD44/L
ibrary/Caches/texmf-dist/./tex/latex/xcolor/x11nam.def
File: x11nam.def 2016/05/11 v2.12 Predefined colors according to Unix/X11 (UK)
))
(/var/mobile/Containers/Data/Application/6C9FEFAA-4487-4660-BEE0-1B033EB4CD44/L
ibrary/Caches/texmf-dist/./tex/generic/pgf/basiclayer/pgfcore.code.tex
Package: pgfcore 2020/01/08 v3.1.5b (3.1.5b)

(/var/mobile/Containers/Data/Application/6C9FEFAA-4487-4660-BEE0-1B033EB4CD44/L
ibrary/Caches/texmf-dist/./tex/generic/pgf/math/pgfmath.code.tex
(/var/mobile/Containers/Data/Application/6C9FEFAA-4487-4660-BEE0-1B033EB4CD44/L
ibrary/Caches/texmf-dist/./tex/generic/pgf/math/pgfmathcalc.code.tex
(/var/mobile/Containers/Data/Application/6C9FEFAA-4487-4660-BEE0-1B033EB4CD44/L
ibrary/Caches/texmf-dist/./tex/generic/pgf/math/pgfmathutil.code.tex)
(/var/mobile/Containers/Data/Application/6C9FEFAA-4487-4660-BEE0-1B033EB4CD44/L
ibrary/Caches/texmf-dist/./tex/generic/pgf/math/pgfmathparser.code.tex
\pgfmath@dimen=\dimen195
\pgfmath@count=\count304
\pgfmath@box=\box61
\pgfmath@toks=\toks39
\pgfmath@stack@operand=\toks40
\pgfmath@stack@operation=\toks41
)
(/var/mobile/Containers/Data/Application/6C9FEFAA-4487-4660-BEE0-1B033EB4CD44/L
ibrary/Caches/texmf-dist/./tex/generic/pgf/math/pgfmathfunctions.code.tex
(/var/mobile/Containers/Data/Application/6C9FEFAA-4487-4660-BEE0-1B033EB4CD44/L
ibrary/Caches/texmf-dist/./tex/generic/pgf/math/pgfmathfunctions.basic.code.tex
)
(/var/mobile/Containers/Data/Application/6C9FEFAA-4487-4660-BEE0-1B033EB4CD44/L
ibrary/Caches/texmf-dist/./tex/generic/pgf/math/pgfmathfunctions.trigonometric.
code.tex)
(/var/mobile/Containers/Data/Application/6C9FEFAA-4487-4660-BEE0-1B033EB4CD44/L
ibrary/Caches/texmf-dist/./tex/generic/pgf/math/pgfmathfunctions.random.code.te
x)
(/var/mobile/Containers/Data/Application/6C9FEFAA-4487-4660-BEE0-1B033EB4CD44/L
ibrary/Caches/texmf-dist/./tex/generic/pgf/math/pgfmathfunctions.comparison.cod
e.tex)
(/var/mobile/Containers/Data/Application/6C9FEFAA-4487-4660-BEE0-1B033EB4CD44/L
ibrary/Caches/texmf-dist/./tex/generic/pgf/math/pgfmathfunctions.base.code.tex)

(/var/mobile/Containers/Data/Application/6C9FEFAA-4487-4660-BEE0-1B033EB4CD44/L
ibrary/Caches/texmf-dist/./tex/generic/pgf/math/pgfmathfunctions.round.code.tex
)
(/var/mobile/Containers/Data/Application/6C9FEFAA-4487-4660-BEE0-1B033EB4CD44/L
ibrary/Caches/texmf-dist/./tex/generic/pgf/math/pgfmathfunctions.misc.code.tex)

(/var/mobile/Containers/Data/Application/6C9FEFAA-4487-4660-BEE0-1B033EB4CD44/L
ibrary/Caches/texmf-dist/./tex/generic/pgf/math/pgfmathfunctions.integerarithme
tics.code.tex)))
(/var/mobile/Containers/Data/Application/6C9FEFAA-4487-4660-BEE0-1B033EB4CD44/L
ibrary/Caches/texmf-dist/./tex/generic/pgf/math/pgfmathfloat.code.tex
\c@pgfmathroundto@lastzeros=\count305
))
(/var/mobile/Containers/Data/Application/6C9FEFAA-4487-4660-BEE0-1B033EB4CD44/L
ibrary/Caches/texmf-dist/./tex/generic/pgf/math/pgfint.code.tex)
(/var/mobile/Containers/Data/Application/6C9FEFAA-4487-4660-BEE0-1B033EB4CD44/L
ibrary/Caches/texmf-dist/./tex/generic/pgf/basiclayer/pgfcorepoints.code.tex
File: pgfcorepoints.code.tex 2020/01/08 v3.1.5b (3.1.5b)
\pgf@picminx=\dimen196
\pgf@picmaxx=\dimen197
\pgf@picminy=\dimen198
\pgf@picmaxy=\dimen199
\pgf@pathminx=\dimen256
\pgf@pathmaxx=\dimen257
\pgf@pathminy=\dimen258
\pgf@pathmaxy=\dimen259
\pgf@xx=\dimen260
\pgf@xy=\dimen261
\pgf@yx=\dimen262
\pgf@yy=\dimen263
\pgf@zx=\dimen264
\pgf@zy=\dimen265
)
(/var/mobile/Containers/Data/Application/6C9FEFAA-4487-4660-BEE0-1B033EB4CD44/L
ibrary/Caches/texmf-dist/./tex/generic/pgf/basiclayer/pgfcorepathconstruct.code
.tex
File: pgfcorepathconstruct.code.tex 2020/01/08 v3.1.5b (3.1.5b)
\pgf@path@lastx=\dimen266
\pgf@path@lasty=\dimen267
)
(/var/mobile/Containers/Data/Application/6C9FEFAA-4487-4660-BEE0-1B033EB4CD44/L
ibrary/Caches/texmf-dist/./tex/generic/pgf/basiclayer/pgfcorepathusage.code.tex
File: pgfcorepathusage.code.tex 2020/01/08 v3.1.5b (3.1.5b)
\pgf@shorten@end@additional=\dimen268
\pgf@shorten@start@additional=\dimen269
)
(/var/mobile/Containers/Data/Application/6C9FEFAA-4487-4660-BEE0-1B033EB4CD44/L
ibrary/Caches/texmf-dist/./tex/generic/pgf/basiclayer/pgfcorescopes.code.tex
File: pgfcorescopes.code.tex 2020/01/08 v3.1.5b (3.1.5b)
\pgfpic=\box62
\pgf@hbox=\box63
\pgf@layerbox@main=\box64
\pgf@picture@serial@count=\count306
)
(/var/mobile/Containers/Data/Application/6C9FEFAA-4487-4660-BEE0-1B033EB4CD44/L
ibrary/Caches/texmf-dist/./tex/generic/pgf/basiclayer/pgfcoregraphicstate.code.
tex
File: pgfcoregraphicstate.code.tex 2020/01/08 v3.1.5b (3.1.5b)
\pgflinewidth=\dimen270
)
(/var/mobile/Containers/Data/Application/6C9FEFAA-4487-4660-BEE0-1B033EB4CD44/L
ibrary/Caches/texmf-dist/./tex/generic/pgf/basiclayer/pgfcoretransformations.co
de.tex
File: pgfcoretransformations.code.tex 2020/01/08 v3.1.5b (3.1.5b)
\pgf@pt@x=\dimen271
\pgf@pt@y=\dimen272
\pgf@pt@temp=\dimen273
)
(/var/mobile/Containers/Data/Application/6C9FEFAA-4487-4660-BEE0-1B033EB4CD44/L
ibrary/Caches/texmf-dist/./tex/generic/pgf/basiclayer/pgfcorequick.code.tex
File: pgfcorequick.code.tex 2020/01/08 v3.1.5b (3.1.5b)
)
(/var/mobile/Containers/Data/Application/6C9FEFAA-4487-4660-BEE0-1B033EB4CD44/L
ibrary/Caches/texmf-dist/./tex/generic/pgf/basiclayer/pgfcoreobjects.code.tex
File: pgfcoreobjects.code.tex 2020/01/08 v3.1.5b (3.1.5b)
)
(/var/mobile/Containers/Data/Application/6C9FEFAA-4487-4660-BEE0-1B033EB4CD44/L
ibrary/Caches/texmf-dist/./tex/generic/pgf/basiclayer/pgfcorepathprocessing.cod
e.tex
File: pgfcorepathprocessing.code.tex 2020/01/08 v3.1.5b (3.1.5b)
)
(/var/mobile/Containers/Data/Application/6C9FEFAA-4487-4660-BEE0-1B033EB4CD44/L
ibrary/Caches/texmf-dist/./tex/generic/pgf/basiclayer/pgfcorearrows.code.tex
File: pgfcorearrows.code.tex 2020/01/08 v3.1.5b (3.1.5b)
\pgfarrowsep=\dimen274
)
(/var/mobile/Containers/Data/Application/6C9FEFAA-4487-4660-BEE0-1B033EB4CD44/L
ibrary/Caches/texmf-dist/./tex/generic/pgf/basiclayer/pgfcoreshade.code.tex
File: pgfcoreshade.code.tex 2020/01/08 v3.1.5b (3.1.5b)
\pgf@max=\dimen275
\pgf@sys@shading@range@num=\count307
\pgf@shadingcount=\count308
)
(/var/mobile/Containers/Data/Application/6C9FEFAA-4487-4660-BEE0-1B033EB4CD44/L
ibrary/Caches/texmf-dist/./tex/generic/pgf/basiclayer/pgfcoreimage.code.tex
File: pgfcoreimage.code.tex 2020/01/08 v3.1.5b (3.1.5b)

(/var/mobile/Containers/Data/Application/6C9FEFAA-4487-4660-BEE0-1B033EB4CD44/L
ibrary/Caches/texmf-dist/./tex/generic/pgf/basiclayer/pgfcoreexternal.code.tex
File: pgfcoreexternal.code.tex 2020/01/08 v3.1.5b (3.1.5b)
\pgfexternal@startupbox=\box65
))
(/var/mobile/Containers/Data/Application/6C9FEFAA-4487-4660-BEE0-1B033EB4CD44/L
ibrary/Caches/texmf-dist/./tex/generic/pgf/basiclayer/pgfcorelayers.code.tex
File: pgfcorelayers.code.tex 2020/01/08 v3.1.5b (3.1.5b)
)
(/var/mobile/Containers/Data/Application/6C9FEFAA-4487-4660-BEE0-1B033EB4CD44/L
ibrary/Caches/texmf-dist/./tex/generic/pgf/basiclayer/pgfcoretransparency.code.
tex
File: pgfcoretransparency.code.tex 2020/01/08 v3.1.5b (3.1.5b)
)
(/var/mobile/Containers/Data/Application/6C9FEFAA-4487-4660-BEE0-1B033EB4CD44/L
ibrary/Caches/texmf-dist/./tex/generic/pgf/basiclayer/pgfcorepatterns.code.tex
File: pgfcorepatterns.code.tex 2020/01/08 v3.1.5b (3.1.5b)
)
(/var/mobile/Containers/Data/Application/6C9FEFAA-4487-4660-BEE0-1B033EB4CD44/L
ibrary/Caches/texmf-dist/./tex/generic/pgf/basiclayer/pgfcorerdf.code.tex
File: pgfcorerdf.code.tex 2020/01/08 v3.1.5b (3.1.5b)
)))
(/var/mobile/Containers/Data/Application/6C9FEFAA-4487-4660-BEE0-1B033EB4CD44/L
ibrary/Caches/texmf-dist/./tex/generic/pgf/modules/pgfmoduleshapes.code.tex
File: pgfmoduleshapes.code.tex 2020/01/08 v3.1.5b (3.1.5b)
\pgfnodeparttextbox=\box66
)
(/var/mobile/Containers/Data/Application/6C9FEFAA-4487-4660-BEE0-1B033EB4CD44/L
ibrary/Caches/texmf-dist/./tex/generic/pgf/modules/pgfmoduleplot.code.tex
File: pgfmoduleplot.code.tex 2020/01/08 v3.1.5b (3.1.5b)
)
(/var/mobile/Containers/Data/Application/6C9FEFAA-4487-4660-BEE0-1B033EB4CD44/L
ibrary/Caches/texmf-dist/./tex/latex/pgf/compatibility/pgfcomp-version-0-65.sty
Package: pgfcomp-version-0-65 2020/01/08 v3.1.5b (3.1.5b)
\pgf@nodesepstart=\dimen276
\pgf@nodesepend=\dimen277
)
(/var/mobile/Containers/Data/Application/6C9FEFAA-4487-4660-BEE0-1B033EB4CD44/L
ibrary/Caches/texmf-dist/./tex/latex/pgf/compatibility/pgfcomp-version-1-18.sty
Package: pgfcomp-version-1-18 2020/01/08 v3.1.5b (3.1.5b)
))
(/var/mobile/Containers/Data/Application/6C9FEFAA-4487-4660-BEE0-1B033EB4CD44/L
ibrary/Caches/texmf-dist/./tex/latex/pgf/utilities/pgffor.sty
(/var/mobile/Containers/Data/Application/6C9FEFAA-4487-4660-BEE0-1B033EB4CD44/L
ibrary/Caches/texmf-dist/./tex/latex/pgf/utilities/pgfkeys.sty
(/var/mobile/Containers/Data/Application/6C9FEFAA-4487-4660-BEE0-1B033EB4CD44/L
ibrary/Caches/texmf-dist/./tex/generic/pgf/utilities/pgfkeys.code.tex))
(/var/mobile/Containers/Data/Application/6C9FEFAA-4487-4660-BEE0-1B033EB4CD44/L
ibrary/Caches/texmf-dist/./tex/latex/pgf/math/pgfmath.sty
(/var/mobile/Containers/Data/Application/6C9FEFAA-4487-4660-BEE0-1B033EB4CD44/L
ibrary/Caches/texmf-dist/./tex/generic/pgf/math/pgfmath.code.tex))
(/var/mobile/Containers/Data/Application/6C9FEFAA-4487-4660-BEE0-1B033EB4CD44/L
ibrary/Caches/texmf-dist/./tex/generic/pgf/utilities/pgffor.code.tex
Package: pgffor 2020/01/08 v3.1.5b (3.1.5b)

(/var/mobile/Containers/Data/Application/6C9FEFAA-4487-4660-BEE0-1B033EB4CD44/L
ibrary/Caches/texmf-dist/./tex/generic/pgf/math/pgfmath.code.tex)
\pgffor@iter=\dimen278
\pgffor@skip=\dimen279
\pgffor@stack=\toks42
\pgffor@toks=\toks43
))
(/var/mobile/Containers/Data/Application/6C9FEFAA-4487-4660-BEE0-1B033EB4CD44/L
ibrary/Caches/texmf-dist/./tex/generic/pgf/frontendlayer/tikz/tikz.code.tex
Package: tikz 2020/01/08 v3.1.5b (3.1.5b)

(/var/mobile/Containers/Data/Application/6C9FEFAA-4487-4660-BEE0-1B033EB4CD44/L
ibrary/Caches/texmf-dist/./tex/generic/pgf/libraries/pgflibraryplothandlers.cod
e.tex
File: pgflibraryplothandlers.code.tex 2020/01/08 v3.1.5b (3.1.5b)
\pgf@plot@mark@count=\count309
\pgfplotmarksize=\dimen280
)
\tikz@lastx=\dimen281
\tikz@lasty=\dimen282
\tikz@lastxsaved=\dimen283
\tikz@lastysaved=\dimen284
\tikz@lastmovetox=\dimen285
\tikz@lastmovetoy=\dimen286
\tikzleveldistance=\dimen287
\tikzsiblingdistance=\dimen288
\tikz@figbox=\box67
\tikz@figbox@bg=\box68
\tikz@tempbox=\box69
\tikz@tempbox@bg=\box70
\tikztreelevel=\count310
\tikznumberofchildren=\count311
\tikznumberofcurrentchild=\count312
\tikz@fig@count=\count313

(/var/mobile/Containers/Data/Application/6C9FEFAA-4487-4660-BEE0-1B033EB4CD44/L
ibrary/Caches/texmf-dist/./tex/generic/pgf/modules/pgfmodulematrix.code.tex
File: pgfmodulematrix.code.tex 2020/01/08 v3.1.5b (3.1.5b)
\pgfmatrixcurrentrow=\count314
\pgfmatrixcurrentcolumn=\count315
\pgf@matrix@numberofcolumns=\count316
)
\tikz@expandcount=\count317

(/var/mobile/Containers/Data/Application/6C9FEFAA-4487-4660-BEE0-1B033EB4CD44/L
ibrary/Caches/texmf-dist/./tex/generic/pgf/frontendlayer/tikz/libraries/tikzlib
rarytopaths.code.tex
File: tikzlibrarytopaths.code.tex 2020/01/08 v3.1.5b (3.1.5b)
)))
(/var/mobile/Containers/Data/Application/6C9FEFAA-4487-4660-BEE0-1B033EB4CD44/L
ibrary/Caches/texmf-dist/./tex/generic/pgf/frontendlayer/tikz/libraries/tikzlib
raryshapes.code.tex
File: tikzlibraryshapes.code.tex 2020/01/08 v3.1.5b (3.1.5b)

(/var/mobile/Containers/Data/Application/6C9FEFAA-4487-4660-BEE0-1B033EB4CD44/L
ibrary/Caches/texmf-dist/./tex/generic/pgf/frontendlayer/tikz/libraries/tikzlib
raryshapes.geometric.code.tex
File: tikzlibraryshapes.geometric.code.tex 2020/01/08 v3.1.5b (3.1.5b)

(/var/mobile/Containers/Data/Application/6C9FEFAA-4487-4660-BEE0-1B033EB4CD44/L
ibrary/Caches/texmf-dist/./tex/generic/pgf/libraries/shapes/pgflibraryshapes.ge
ometric.code.tex
File: pgflibraryshapes.geometric.code.tex 2020/01/08 v3.1.5b (3.1.5b)
))
(/var/mobile/Containers/Data/Application/6C9FEFAA-4487-4660-BEE0-1B033EB4CD44/L
ibrary/Caches/texmf-dist/./tex/generic/pgf/frontendlayer/tikz/libraries/tikzlib
raryshapes.misc.code.tex
File: tikzlibraryshapes.misc.code.tex 2020/01/08 v3.1.5b (3.1.5b)

(/var/mobile/Containers/Data/Application/6C9FEFAA-4487-4660-BEE0-1B033EB4CD44/L
ibrary/Caches/texmf-dist/./tex/generic/pgf/libraries/shapes/pgflibraryshapes.mi
sc.code.tex
File: pgflibraryshapes.misc.code.tex 2020/01/08 v3.1.5b (3.1.5b)
))
(/var/mobile/Containers/Data/Application/6C9FEFAA-4487-4660-BEE0-1B033EB4CD44/L
ibrary/Caches/texmf-dist/./tex/generic/pgf/frontendlayer/tikz/libraries/tikzlib
raryshapes.symbols.code.tex
File: tikzlibraryshapes.symbols.code.tex 2020/01/08 v3.1.5b (3.1.5b)

(/var/mobile/Containers/Data/Application/6C9FEFAA-4487-4660-BEE0-1B033EB4CD44/L
ibrary/Caches/texmf-dist/./tex/generic/pgf/libraries/shapes/pgflibraryshapes.sy
mbols.code.tex
File: pgflibraryshapes.symbols.code.tex 2020/01/08 v3.1.5b (3.1.5b)
))
(/var/mobile/Containers/Data/Application/6C9FEFAA-4487-4660-BEE0-1B033EB4CD44/L
ibrary/Caches/texmf-dist/./tex/generic/pgf/frontendlayer/tikz/libraries/tikzlib
raryshapes.arrows.code.tex
File: tikzlibraryshapes.arrows.code.tex 2020/01/08 v3.1.5b (3.1.5b)

(/var/mobile/Containers/Data/Application/6C9FEFAA-4487-4660-BEE0-1B033EB4CD44/L
ibrary/Caches/texmf-dist/./tex/generic/pgf/libraries/shapes/pgflibraryshapes.ar
rows.code.tex
File: pgflibraryshapes.arrows.code.tex 2020/01/08 v3.1.5b (3.1.5b)
))
(/var/mobile/Containers/Data/Application/6C9FEFAA-4487-4660-BEE0-1B033EB4CD44/L
ibrary/Caches/texmf-dist/./tex/generic/pgf/frontendlayer/tikz/libraries/tikzlib
raryshapes.callouts.code.tex
(/var/mobile/Containers/Data/Application/6C9FEFAA-4487-4660-BEE0-1B033EB4CD44/L
ibrary/Caches/texmf-dist/./tex/generic/pgf/libraries/shapes/pgflibraryshapes.ca
llouts.code.tex))
(/var/mobile/Containers/Data/Application/6C9FEFAA-4487-4660-BEE0-1B033EB4CD44/L
ibrary/Caches/texmf-dist/./tex/generic/pgf/frontendlayer/tikz/libraries/tikzlib
raryshapes.multipart.code.tex
File: tikzlibraryshapes.multipart.code.tex 2020/01/08 v3.1.5b (3.1.5b)

(/var/mobile/Containers/Data/Application/6C9FEFAA-4487-4660-BEE0-1B033EB4CD44/L
ibrary/Caches/texmf-dist/./tex/generic/pgf/libraries/shapes/pgflibraryshapes.mu
ltipart.code.tex
File: pgflibraryshapes.multipart.code.tex 2020/01/08 v3.1.5b (3.1.5b)
\pgfnodepartlowerbox=\box71
\pgfnodeparttwobox=\box72
\pgfnodepartthreebox=\box73
\pgfnodepartfourbox=\box74
\pgfnodeparttwentybox=\box75
\pgfnodepartnineteenbox=\box76
\pgfnodeparteighteenbox=\box77
\pgfnodepartseventeenbox=\box78
\pgfnodepartsixteenbox=\box79
\pgfnodepartfifteenbox=\box80
\pgfnodepartfourteenbox=\box81
\pgfnodepartthirteenbox=\box82
\pgfnodeparttwelvebox=\box83
\pgfnodepartelevenbox=\box84
\pgfnodeparttenbox=\box85
\pgfnodepartninebox=\box86
\pgfnodeparteightbox=\box87
\pgfnodepartsevenbox=\box88
\pgfnodepartsixbox=\box89
\pgfnodepartfivebox=\box90
)))
(/var/mobile/Containers/Data/Application/6C9FEFAA-4487-4660-BEE0-1B033EB4CD44/L
ibrary/Caches/texmf-dist/./tex/generic/pgf/frontendlayer/tikz/libraries/tikzlib
raryarrows.code.tex
File: tikzlibraryarrows.code.tex 2020/01/08 v3.1.5b (3.1.5b)

(/var/mobile/Containers/Data/Application/6C9FEFAA-4487-4660-BEE0-1B033EB4CD44/L
ibrary/Caches/texmf-dist/./tex/generic/pgf/libraries/pgflibraryarrows.code.tex
File: pgflibraryarrows.code.tex 2020/01/08 v3.1.5b (3.1.5b)
\arrowsize=\dimen289
))
(/var/mobile/Containers/Data/Application/6C9FEFAA-4487-4660-BEE0-1B033EB4CD44/L
ibrary/Caches/texmf-dist/./tex/generic/pgf/frontendlayer/tikz/libraries/tikzlib
rarychains.code.tex
File: tikzlibrarychains.code.tex 2020/01/08 v3.1.5b (3.1.5b)

(/var/mobile/Containers/Data/Application/6C9FEFAA-4487-4660-BEE0-1B033EB4CD44/L
ibrary/Caches/texmf-dist/./tex/generic/pgf/frontendlayer/tikz/libraries/tikzlib
rarypositioning.code.tex
File: tikzlibrarypositioning.code.tex 2020/01/08 v3.1.5b (3.1.5b)
))
(/var/mobile/Containers/Data/Application/6C9FEFAA-4487-4660-BEE0-1B033EB4CD44/L
ibrary/Caches/texmf-dist/./tex/generic/tikz-cd/tikzlibrarycd.code.tex
(/var/mobile/Containers/Data/Application/6C9FEFAA-4487-4660-BEE0-1B033EB4CD44/L
ibrary/Caches/texmf-dist/./tex/generic/pgf/frontendlayer/tikz/libraries/tikzlib
rarymatrix.code.tex
File: tikzlibrarymatrix.code.tex 2020/01/08 v3.1.5b (3.1.5b)
)
(/var/mobile/Containers/Data/Application/6C9FEFAA-4487-4660-BEE0-1B033EB4CD44/L
ibrary/Caches/texmf-dist/./tex/generic/pgf/frontendlayer/tikz/libraries/tikzlib
raryquotes.code.tex
File: tikzlibraryquotes.code.tex 2020/01/08 v3.1.5b (3.1.5b)
)
(/var/mobile/Containers/Data/Application/6C9FEFAA-4487-4660-BEE0-1B033EB4CD44/L
ibrary/Caches/texmf-dist/./tex/generic/pgf/libraries/pgflibraryarrows.meta.code
.tex
File: pgflibraryarrows.meta.code.tex 2020/01/08 v3.1.5b (3.1.5b)
\pgfarrowinset=\dimen290
\pgfarrowlength=\dimen291
\pgfarrowwidth=\dimen292
\pgfarrowlinewidth=\dimen293
))
(/var/mobile/Containers/Data/Application/6C9FEFAA-4487-4660-BEE0-1B033EB4CD44/L
ibrary/Caches/texmf-dist/./tex/generic/pgf/frontendlayer/tikz/libraries/tikzlib
rarydecorations.pathreplacing.code.tex
(/var/mobile/Containers/Data/Application/6C9FEFAA-4487-4660-BEE0-1B033EB4CD44/L
ibrary/Caches/texmf-dist/./tex/generic/pgf/frontendlayer/tikz/libraries/tikzlib
rarydecorations.code.tex
(/var/mobile/Containers/Data/Application/6C9FEFAA-4487-4660-BEE0-1B033EB4CD44/L
ibrary/Caches/texmf-dist/./tex/generic/pgf/modules/pgfmoduledecorations.code.te
x
\pgfdecoratedcompleteddistance=\dimen294
\pgfdecoratedremainingdistance=\dimen295
\pgfdecoratedinputsegmentcompleteddistance=\dimen296
\pgfdecoratedinputsegmentremainingdistance=\dimen297
\pgf@decorate@distancetomove=\dimen298
\pgf@decorate@repeatstate=\count318
\pgfdecorationsegmentamplitude=\dimen299
\pgfdecorationsegmentlength=\dimen300
)
\tikz@lib@dec@box=\box91
)
(/var/mobile/Containers/Data/Application/6C9FEFAA-4487-4660-BEE0-1B033EB4CD44/L
ibrary/Caches/texmf-dist/./tex/generic/pgf/libraries/decorations/pgflibrarydeco
rations.pathreplacing.code.tex))
(/var/mobile/Containers/Data/Application/6C9FEFAA-4487-4660-BEE0-1B033EB4CD44/L
ibrary/Caches/texmf-dist/./tex/generic/pgf/frontendlayer/tikz/libraries/tikzlib
rarydecorations.markings.code.tex
(/var/mobile/Containers/Data/Application/6C9FEFAA-4487-4660-BEE0-1B033EB4CD44/L
ibrary/Caches/texmf-dist/./tex/generic/pgf/libraries/decorations/pgflibrarydeco
rations.markings.code.tex))
(/var/mobile/Containers/Data/Application/6C9FEFAA-4487-4660-BEE0-1B033EB4CD44/L
ibrary/Caches/texmf-dist/./tex/latex/hobby/tikzlibraryhobby.code.tex
(/var/mobile/Containers/Data/Application/6C9FEFAA-4487-4660-BEE0-1B033EB4CD44/L
ibrary/Caches/texmf-dist/./tex/latex/hobby/pgflibraryhobby.code.tex
(/var/mobile/Containers/Data/Application/6C9FEFAA-4487-4660-BEE0-1B033EB4CD44/L
ibrary/Caches/texmf-dist/./tex/latex/hobby/hobby.code.tex
(/var/mobile/Containers/Data/Application/6C9FEFAA-4487-4660-BEE0-1B033EB4CD44/L
ibrary/Caches/texmf-dist/./tex/latex/hobby/pml3array.sty
\l_array_base_int=\count319
\l_array_top_int=\count320
\l_array_tmp_int=\count321
\g_array_base_int=\count322
)
\l_hobby_npoints_int=\count323
\l_hobby_draw_int=\count324
)))
(/var/mobile/Containers/Data/Application/6C9FEFAA-4487-4660-BEE0-1B033EB4CD44/L
ibrary/Caches/texmf-dist/./tex/latex/spath3/tikzlibraryknots.code.tex
(/var/mobile/Containers/Data/Application/6C9FEFAA-4487-4660-BEE0-1B033EB4CD44/L
ibrary/Caches/texmf-dist/./tex/latex/spath3/spath3.sty
Package: spath3 2019/02/12 v1.2 Functions for manipulating PGF soft paths
\l__spath_tmpa_dim=\dimen301
\l__spath_tmpb_dim=\dimen302
\l__spath_tmpa_int=\count325
\g__spath_map_int=\count326
\l__spath_l_int=\count327
\l__spath_rl_int=\count328
\l__spath_nc_int=\count329
\l__spath_minx_dim=\dimen303
\l__spath_miny_dim=\dimen304
\l__spath_maxx_dim=\dimen305
\l__spath_maxy_dim=\dimen306
)
(/var/mobile/Containers/Data/Application/6C9FEFAA-4487-4660-BEE0-1B033EB4CD44/L
ibrary/Caches/texmf-dist/./tex/generic/pgf/frontendlayer/tikz/libraries/tikzlib
raryintersections.code.tex
(/var/mobile/Containers/Data/Application/6C9FEFAA-4487-4660-BEE0-1B033EB4CD44/L
ibrary/Caches/texmf-dist/./tex/generic/pgf/libraries/pgflibraryintersections.co
de.tex
(/var/mobile/Containers/Data/Application/6C9FEFAA-4487-4660-BEE0-1B033EB4CD44/L
ibrary/Caches/texmf-dist/./tex/generic/pgf/libraries/pgflibraryfpu.code.tex)
\pgf@intersect@solutions=\count330
))
\l__knot_tmpa_int=\count331
\l__knot_strands_int=\count332
\l__knot_intersections_int=\count333
\l__knot_filaments_int=\count334
\l__knot_component_start_int=\count335
\l__knot_tmpa_dim=\dimen307
\l__knot_tmpb_dim=\dimen308
\l__knot_tmpc_dim=\dimen309
\l__knot_tolerance_dim=\dimen310
\l__knot_clip_bg_radius_dim=\dimen311
\l__knot_clip_draw_radius_dim=\dimen312
)
(/var/mobile/Containers/Data/Application/6C9FEFAA-4487-4660-BEE0-1B033EB4CD44/L
ibrary/Caches/texmf-dist/./tex/latex/braids/tikzlibrarybraids.code.tex
File: tikzlibrarybraids.code.tex 2019/03/20 v2.0 Tikz/PGF library for drawing b
raid diagrams
\l__braid_tmpa_int=\count336
\l__braid_length_int=\count337
\l__braid_strands_int=\count338
\l__braid_crossing_int=\count339
\l__braid_anchor_level_int=\count340
\l__braid_floor_int=\count341
)
(/var/mobile/Containers/Data/Application/6C9FEFAA-4487-4660-BEE0-1B033EB4CD44/L
ibrary/Caches/texmf-dist/./tex/latex/caption/subcaption.sty
Package: subcaption 2020/01/22 v1.3d Sub-captions (AR)
\c@subfigure=\count342
\c@subtable=\count343
)
(/var/mobile/Containers/Data/Application/6C9FEFAA-4487-4660-BEE0-1B033EB4CD44/L
ibrary/Caches/texmf-dist/./tex/latex/enumitem/enumitem.sty
Package: enumitem 2019/06/20 v3.9 Customized lists
\labelindent=\skip69
\enit@outerparindent=\dimen313
\enit@toks=\toks44
\enit@inbox=\box92
\enit@count@id=\count344
\enitdp@description=\count345
)
(/var/mobile/Containers/Data/Application/6C9FEFAA-4487-4660-BEE0-1B033EB4CD44/L
ibrary/Caches/texmf-dist/./tex/latex/tools/multicol.sty
Package: multicol 2019/12/09 v1.8y multicolumn formatting (FMi)
\c@tracingmulticols=\count346
\mult@box=\box93
\multicol@leftmargin=\dimen314
\c@unbalance=\count347
\c@collectmore=\count348
\doublecol@number=\count349
\multicoltolerance=\count350
\multicolpretolerance=\count351
\full@width=\dimen315
\page@free=\dimen316
\premulticols=\dimen317
\postmulticols=\dimen318
\multicolsep=\skip70
\multicolbaselineskip=\skip71
\partial@page=\box94
\last@line=\box95
\maxbalancingoverflow=\dimen319
\mult@rightbox=\box96
\mult@grightbox=\box97
\mult@gfirstbox=\box98
\mult@firstbox=\box99
\@tempa=\box100
\@tempa=\box101
\@tempa=\box102
\@tempa=\box103
\@tempa=\box104
\@tempa=\box105
\@tempa=\box106
\@tempa=\box107
\@tempa=\box108
\@tempa=\box109
\@tempa=\box110
\@tempa=\box111
\@tempa=\box112
\@tempa=\box113
\@tempa=\box114
\@tempa=\box115
\@tempa=\box116
\@tempa=\box117
\@tempa=\box118
\@tempa=\box119
\@tempa=\box120
\@tempa=\box121
\@tempa=\box122
\@tempa=\box123
\@tempa=\box124
\@tempa=\box125
\@tempa=\box126
\@tempa=\box127
\@tempa=\box128
\@tempa=\box129
\@tempa=\box130
\@tempa=\box131
\@tempa=\box132
\@tempa=\box133
\@tempa=\box134
\@tempa=\box135
\@tempa=\box136
\c@minrows=\count352
\c@columnbadness=\count353
\c@finalcolumnbadness=\count354
\last@try=\dimen320
\multicolovershoot=\dimen321
\multicolundershoot=\dimen322
\mult@nat@firstbox=\box137
\colbreak@box=\box138
\mc@col@check@num=\count355
)
(/var/mobile/Containers/Data/Application/6C9FEFAA-4487-4660-BEE0-1B033EB4CD44/L
ibrary/Caches/texmf-dist/./tex/latex/multirow/multirow.sty
Package: multirow 2019/05/31 v2.5 Span multiple rows of a table
\multirow@colwidth=\skip72
\multirow@cntb=\count356
\multirow@dima=\skip73
\bigstrutjot=\dimen323
)
(/var/mobile/Containers/Data/Application/6C9FEFAA-4487-4660-BEE0-1B033EB4CD44/L
ibrary/Caches/texmf-dist/./tex/latex/footmisc/footmisc.sty
Package: footmisc 2011/06/06 v5.5b a miscellany of footnote facilities
\FN@temptoken=\toks45
\footnotemargin=\dimen324
\c@pp@next@reset=\count357
Package footmisc Info: Declaring symbol style bringhurst on input line 855.
Package footmisc Info: Declaring symbol style chicago on input line 863.
Package footmisc Info: Declaring symbol style wiley on input line 872.
Package footmisc Info: Declaring symbol style lamport-robust on input line 883.

Package footmisc Info: Declaring symbol style lamport* on input line 903.
Package footmisc Info: Declaring symbol style lamport*-robust on input line 924
.
)
(/var/mobile/Containers/Data/Application/6C9FEFAA-4487-4660-BEE0-1B033EB4CD44/L
ibrary/Caches/texmf-dist/./tex/latex/lastpage/lastpage.sty
Package: lastpage 2015/03/29 v1.2m Refers to last page's name (HMM; JPG)
)
(/var/mobile/Containers/Data/Application/6C9FEFAA-4487-4660-BEE0-1B033EB4CD44/L
ibrary/Caches/texmf-dist/./tex/latex/fancyhdr/fancyhdr.sty
Package: fancyhdr 2019/01/31 v3.10 Extensive control of page headers and footer
s
\f@nch@headwidth=\skip74
\f@nch@O@elh=\skip75
\f@nch@O@erh=\skip76
\f@nch@O@olh=\skip77
\f@nch@O@orh=\skip78
\f@nch@O@elf=\skip79
\f@nch@O@erf=\skip80
\f@nch@O@olf=\skip81
\f@nch@O@orf=\skip82
)
(/var/mobile/Containers/Data/Application/6C9FEFAA-4487-4660-BEE0-1B033EB4CD44/L
ibrary/Caches/texmf-dist/./tex/latex/manfnt/manfnt.sty
Package: manfnt 1999/07/010.2LaTeX2e manfnt package
\dbend@height=\skip83
)
(/var/mobile/Containers/Data/Application/6C9FEFAA-4487-4660-BEE0-1B033EB4CD44/L
ibrary/Caches/texmf-dist/./tex/latex/units/nicefrac.sty
Package: nicefrac 1998/08/04 v0.9b Nice fractions
\L@UnitsRaiseDisplaystyle=\skip84
\L@UnitsRaiseTextstyle=\skip85
\L@UnitsRaiseScriptstyle=\skip86

(/private/var/containers/Bundle/Application/5F5005C8-E695-448A-B8AF-6037706974F
2/TeX Writer.app/texmf-base/./tex/latex/base/ifthen.sty
Package: ifthen 2014/09/29 v1.1c Standard LaTeX ifthen package (DPC)
))
(/var/mobile/Containers/Data/Application/6C9FEFAA-4487-4660-BEE0-1B033EB4CD44/L
ibrary/Caches/texmf-dist/./tex/latex/titlesec/titlesec.sty
Package: titlesec 2019/10/16 v2.13 Sectioning titles
\ttl@box=\box139
\beforetitleunit=\skip87
\aftertitleunit=\skip88
\ttl@plus=\dimen325
\ttl@minus=\dimen326
\ttl@toksa=\toks46
\titlewidth=\dimen327
\titlewidthlast=\dimen328
\titlewidthfirst=\dimen329
)
LaTeX Info: Redefining \Re on input line 198.
LaTeX Info: Redefining \Im on input line 199.
\c@thm=\count358
\c@lem=\count359
\c@prop=\count360
\c@defn=\count361
\c@exm=\count362
\c@exer=\count363

(/private/var/containers/Bundle/Application/5F5005C8-E695-448A-B8AF-6037706974F
2/TeX Writer.app/texmf-base/./tex/latex/geometry/geometry.sty
Package: geometry 2020/01/02 v5.9 Page Geometry

(/var/mobile/Containers/Data/Application/6C9FEFAA-4487-4660-BEE0-1B033EB4CD44/L
ibrary/Caches/texmf-dist/./tex/generic/iftex/ifvtex.sty
Package: ifvtex 2019/10/25 v1.7 ifvtex legacy package. Use iftex instead.
)
\Gm@cnth=\count364
\Gm@cntv=\count365
\c@Gm@tempcnt=\count366
\Gm@bindingoffset=\dimen330
\Gm@wd@mp=\dimen331
\Gm@odd@mp=\dimen332
\Gm@even@mp=\dimen333
\Gm@layoutwidth=\dimen334
\Gm@layoutheight=\dimen335
\Gm@layouthoffset=\dimen336
\Gm@layoutvoffset=\dimen337
\Gm@dimlist=\toks47
)
(/private/var/containers/Bundle/Application/5F5005C8-E695-448A-B8AF-6037706974F
2/TeX Writer.app/texmf-base/./tex/latex/listings/listings.sty
\lst@mode=\count367
\lst@gtempboxa=\box140
\lst@token=\toks48
\lst@length=\count368
\lst@currlwidth=\dimen338
\lst@column=\count369
\lst@pos=\count370
\lst@lostspace=\dimen339
\lst@width=\dimen340
\lst@newlines=\count371
\lst@lineno=\count372
\lst@maxwidth=\dimen341

(/private/var/containers/Bundle/Application/5F5005C8-E695-448A-B8AF-6037706974F
2/TeX Writer.app/texmf-base/./tex/latex/listings/lstmisc.sty
File: lstmisc.sty 2020/03/24 1.8d (Carsten Heinz)
\c@lstnumber=\count373
\lst@skipnumbers=\count374
\lst@framebox=\box141
)
(/private/var/containers/Bundle/Application/5F5005C8-E695-448A-B8AF-6037706974F
2/TeX Writer.app/texmf-base/./tex/latex/listings/listings.cfg
File: listings.cfg 2020/03/24 1.8d listings configuration
))
Package: listings 2020/03/24 1.8d (Carsten Heinz)

(/var/mobile/Containers/Data/Application/6C9FEFAA-4487-4660-BEE0-1B033EB4CD44/L
ibrary/Caches/texmf-dist/./tex/latex/setspace/setspace.sty
Package: setspace 2011/12/19 v6.7a set line spacing
)
(/var/mobile/Containers/Data/Application/6C9FEFAA-4487-4660-BEE0-1B033EB4CD44/L
ibrary/Caches/texmf-dist/./tex/latex/mdframed/mdframed.sty
Package: mdframed 2013/07/01 1.9b: mdframed

(/var/mobile/Containers/Data/Application/6C9FEFAA-4487-4660-BEE0-1B033EB4CD44/L
ibrary/Caches/texmf-dist/./tex/latex/etoolbox/etoolbox.sty
Package: etoolbox 2019/09/21 v2.5h e-TeX tools for LaTeX (JAW)
\etb@tempcnta=\count375
)
(/var/mobile/Containers/Data/Application/6C9FEFAA-4487-4660-BEE0-1B033EB4CD44/L
ibrary/Caches/texmf-dist/./tex/latex/zref/zref-abspage.sty
Package: zref-abspage 2020-03-03 v2.29 Module abspage for zref (HO)

(/var/mobile/Containers/Data/Application/6C9FEFAA-4487-4660-BEE0-1B033EB4CD44/L
ibrary/Caches/texmf-dist/./tex/latex/zref/zref-base.sty
Package: zref-base 2020-03-03 v2.29 Module base for zref (HO)
Package zref Info: New property list: main on input line 763.
Package zref Info: New property: default on input line 764.
Package zref Info: New property: page on input line 765.
)
\c@abspage=\count376
Package zref Info: New property: abspage on input line 66.
)
(/var/mobile/Containers/Data/Application/6C9FEFAA-4487-4660-BEE0-1B033EB4CD44/L
ibrary/Caches/texmf-dist/./tex/latex/needspace/needspace.sty
Package: needspace 2010/09/12 v1.3d reserve vertical space
)
\mdf@templength=\skip89
\c@mdf@globalstyle@cnt=\count377
\mdf@skipabove@length=\skip90
\mdf@skipbelow@length=\skip91
\mdf@leftmargin@length=\skip92
\mdf@rightmargin@length=\skip93
\mdf@innerleftmargin@length=\skip94
\mdf@innerrightmargin@length=\skip95
\mdf@innertopmargin@length=\skip96
\mdf@innerbottommargin@length=\skip97
\mdf@splittopskip@length=\skip98
\mdf@splitbottomskip@length=\skip99
\mdf@outermargin@length=\skip100
\mdf@innermargin@length=\skip101
\mdf@linewidth@length=\skip102
\mdf@innerlinewidth@length=\skip103
\mdf@middlelinewidth@length=\skip104
\mdf@outerlinewidth@length=\skip105
\mdf@roundcorner@length=\skip106
\mdf@footenotedistance@length=\skip107
\mdf@userdefinedwidth@length=\skip108
\mdf@needspace@length=\skip109
\mdf@frametitleaboveskip@length=\skip110
\mdf@frametitlebelowskip@length=\skip111
\mdf@frametitlerulewidth@length=\skip112
\mdf@frametitleleftmargin@length=\skip113
\mdf@frametitlerightmargin@length=\skip114
\mdf@shadowsize@length=\skip115
\mdf@extratopheight@length=\skip116
\mdf@subtitleabovelinewidth@length=\skip117
\mdf@subtitlebelowlinewidth@length=\skip118
\mdf@subtitleaboveskip@length=\skip119
\mdf@subtitlebelowskip@length=\skip120
\mdf@subtitleinneraboveskip@length=\skip121
\mdf@subtitleinnerbelowskip@length=\skip122
\mdf@subsubtitleabovelinewidth@length=\skip123
\mdf@subsubtitlebelowlinewidth@length=\skip124
\mdf@subsubtitleaboveskip@length=\skip125
\mdf@subsubtitlebelowskip@length=\skip126
\mdf@subsubtitleinneraboveskip@length=\skip127
\mdf@subsubtitleinnerbelowskip@length=\skip128

(/var/mobile/Containers/Data/Application/6C9FEFAA-4487-4660-BEE0-1B033EB4CD44/L
ibrary/Caches/texmf-dist/./tex/latex/mdframed/md-frame-0.mdf
File: md-frame-0.mdf 2013/07/01\ 1.9b: md-frame-0
)
\mdf@frametitlebox=\box142
\mdf@footnotebox=\box143
\mdf@splitbox@one=\box144
\mdf@splitbox@two=\box145
\mdf@splitbox@save=\box146
\mdfsplitboxwidth=\skip129
\mdfsplitboxtotalwidth=\skip130
\mdfsplitboxheight=\skip131
\mdfsplitboxdepth=\skip132
\mdfsplitboxtotalheight=\skip133
\mdfframetitleboxwidth=\skip134
\mdfframetitleboxtotalwidth=\skip135
\mdfframetitleboxheight=\skip136
\mdfframetitleboxdepth=\skip137
\mdfframetitleboxtotalheight=\skip138
\mdffootnoteboxwidth=\skip139
\mdffootnoteboxtotalwidth=\skip140
\mdffootnoteboxheight=\skip141
\mdffootnoteboxdepth=\skip142
\mdffootnoteboxtotalheight=\skip143
\mdftotallinewidth=\skip144
\mdfboundingboxwidth=\skip145
\mdfboundingboxtotalwidth=\skip146
\mdfboundingboxheight=\skip147
\mdfboundingboxdepth=\skip148
\mdfboundingboxtotalheight=\skip149
\mdf@freevspace@length=\skip150
\mdf@horizontalwidthofbox@length=\skip151
\mdf@verticalmarginwhole@length=\skip152
\mdf@horizontalspaceofbox=\skip153
\mdfsubtitleheight=\skip154
\mdfsubsubtitleheight=\skip155
\c@mdfcountframes=\count378

****** mdframed patching \endmdf@trivlist

****** -- success******

\mdf@envdepth=\count379
\c@mdf@env@i=\count380
\c@mdf@env@ii=\count381
\c@mdf@zref@counter=\count382
Package zref Info: New property: mdf@pagevalue on input line 895.
))
(/var/mobile/Containers/Data/Application/6C9FEFAA-4487-4660-BEE0-1B033EB4CD44/L
ibrary/Caches/texmf-dist/./tex/latex/booktabs/booktabs.sty
Package: booktabs 2020/01/12 v1.61803398 Publication quality tables
\heavyrulewidth=\dimen342
\lightrulewidth=\dimen343
\cmidrulewidth=\dimen344
\belowrulesep=\dimen345
\belowbottomsep=\dimen346
\aboverulesep=\dimen347
\abovetopsep=\dimen348
\cmidrulesep=\dimen349
\cmidrulekern=\dimen350
\defaultaddspace=\dimen351
\@cmidla=\count383
\@cmidlb=\count384
\@aboverulesep=\dimen352
\@belowrulesep=\dimen353
\@thisruleclass=\count385
\@lastruleclass=\count386
\@thisrulewidth=\dimen354
)
(/var/mobile/Containers/Data/Application/6C9FEFAA-4487-4660-BEE0-1B033EB4CD44/L
ibrary/Caches/texmf-dist/./tex/latex/ragged2e/ragged2e.sty
Package: ragged2e 2019/07/28 v2.2 ragged2e Package (MS)


LaTeX Warning: Command \@arrayparboxrestore  has changed.
               Check if current package is valid.


(/var/mobile/Containers/Data/Application/6C9FEFAA-4487-4660-BEE0-1B033EB4CD44/L
ibrary/Caches/texmf-dist/./tex/latex/ms/everysel.sty
Package: everysel 2011/10/28 v1.2 EverySelectfont Package (MS)
)
\CenteringLeftskip=\skip156
\RaggedLeftLeftskip=\skip157
\RaggedRightLeftskip=\skip158
\CenteringRightskip=\skip159
\RaggedLeftRightskip=\skip160
\RaggedRightRightskip=\skip161
\CenteringParfillskip=\skip162
\RaggedLeftParfillskip=\skip163
\RaggedRightParfillskip=\skip164
\JustifyingParfillskip=\skip165
\CenteringParindent=\skip166
\RaggedLeftParindent=\skip167
\RaggedRightParindent=\skip168
\JustifyingParindent=\skip169
) (201B notes.aux)
LaTeX Font Info:    Checking defaults for OML/cmm/m/it on input line 46.
LaTeX Font Info:    ... okay on input line 46.
LaTeX Font Info:    Checking defaults for OMS/cmsy/m/n on input line 46.
LaTeX Font Info:    ... okay on input line 46.
LaTeX Font Info:    Checking defaults for OT1/cmr/m/n on input line 46.
LaTeX Font Info:    ... okay on input line 46.
LaTeX Font Info:    Checking defaults for T1/cmr/m/n on input line 46.
LaTeX Font Info:    ... okay on input line 46.
LaTeX Font Info:    Checking defaults for TS1/cmr/m/n on input line 46.
LaTeX Font Info:    ... okay on input line 46.
LaTeX Font Info:    Checking defaults for OMX/cmex/m/n on input line 46.
LaTeX Font Info:    ... okay on input line 46.
LaTeX Font Info:    Checking defaults for U/cmr/m/n on input line 46.
LaTeX Font Info:    ... okay on input line 46.
LaTeX Font Info:    Checking defaults for PD1/pdf/m/n on input line 46.
LaTeX Font Info:    ... okay on input line 46.
LaTeX Info: Redefining \microtypecontext on input line 46.
Package microtype Info: Generating PDF output.
Package microtype Info: Character protrusion enabled (level 2).
Package microtype Info: Using default protrusion set `alltext'.
Package microtype Info: Automatic font expansion enabled (level 2),
(microtype)             stretch: 20, shrink: 20, step: 1, non-selected.
Package microtype Info: Using default expansion set `basictext'.
LaTeX Info: Redefining \showhyphens on input line 46.
Package microtype Info: No adjustment of tracking.
Package microtype Info: No adjustment of interword spacing.
Package microtype Info: No adjustment of character kerning.

(/var/mobile/Containers/Data/Application/6C9FEFAA-4487-4660-BEE0-1B033EB4CD44/L
ibrary/Caches/texmf-dist/./tex/latex/microtype/mt-cmr.cfg
File: mt-cmr.cfg 2013/05/19 v2.2 microtype config. file: Computer Modern Roman 
(RS)
)
(/var/mobile/Containers/Data/Application/6C9FEFAA-4487-4660-BEE0-1B033EB4CD44/L
ibrary/Caches/texmf-dist/./tex/latex/translator/translator-basic-dictionary-Eng
lish.dict
Dictionary: translator-basic-dictionary, Language: English 
)
(/var/mobile/Containers/Data/Application/6C9FEFAA-4487-4660-BEE0-1B033EB4CD44/L
ibrary/Caches/texmf-dist/./tex/latex/siunitx/siunitx-abbreviations.cfg
File: siunitx-abbreviations.cfg 2017/11/26 v2.7k siunitx: Abbreviated units
)
(/var/mobile/Containers/Data/Application/6C9FEFAA-4487-4660-BEE0-1B033EB4CD44/L
ibrary/Caches/texmf-dist/./tex/context/base/mkii/supp-pdf.mkii
[Loading MPS to PDF converter (version 2006.09.02).]
\scratchcounter=\count387
\scratchdimen=\dimen355
\scratchbox=\box147
\nofMPsegments=\count388
\nofMParguments=\count389
\everyMPshowfont=\toks49
\MPscratchCnt=\count390
\MPscratchDim=\dimen356
\MPnumerator=\count391
\makeMPintoPDFobject=\count392
\everyMPtoPDFconversion=\toks50
)
Package caption Info: Begin \AtBeginDocument code.
Package caption Info: hyperref package is loaded.
Package caption Info: listings package is loaded.
Package caption Info: End \AtBeginDocument code.
\AtBeginShipoutBox=\box148
Package hyperref Info: Link coloring OFF on input line 46.

(/private/var/containers/Bundle/Application/5F5005C8-E695-448A-B8AF-6037706974F
2/TeX Writer.app/texmf-base/./tex/latex/hyperref/nameref.sty
Package: nameref 2019/09/16 v2.46 Cross-referencing by name of section

(/var/mobile/Containers/Data/Application/6C9FEFAA-4487-4660-BEE0-1B033EB4CD44/L
ibrary/Caches/texmf-dist/./tex/latex/refcount/refcount.sty
Package: refcount 2019/12/15 v3.6 Data extraction from label references (HO)
)
(/var/mobile/Containers/Data/Application/6C9FEFAA-4487-4660-BEE0-1B033EB4CD44/L
ibrary/Caches/texmf-dist/./tex/generic/gettitlestring/gettitlestring.sty
Package: gettitlestring 2019/12/15 v1.6 Cleanup title references (HO)
)
\c@section@level=\count393
)
LaTeX Info: Redefining \ref on input line 46.
LaTeX Info: Redefining \pageref on input line 46.
LaTeX Info: Redefining \nameref on input line 46.

(201B notes.out) (201B notes.out)
\@outlinefile=\write4
 ABD: EveryShipout initializing macros
Package lastpage Info: Please have a look at the pageslts package at
(lastpage)             https://www.ctan.org/pkg/pageslts
(lastpage)             ! on input line 46.

*geometry* driver: auto-detecting
*geometry* detected driver: pdftex
*geometry* verbose mode - [ preamble ] result:
* driver: pdftex
* paper: <default>
* layout: <same size as paper>
* layoutoffset:(h,v)=(0.0pt,0.0pt)
* modes: 
* h-part:(L,W,R)=(42.67912pt, 528.93675pt, 42.67912pt)
* v-part:(T,H,B)=(42.67912pt, 709.61174pt, 42.67912pt)
* \paperwidth=614.295pt
* \paperheight=794.96999pt
* \textwidth=528.93675pt
* \textheight=709.61174pt
* \oddsidemargin=-29.59087pt
* \evensidemargin=-29.59087pt
* \topmargin=-68.59087pt
* \headheight=14.0pt
* \headsep=25.0pt
* \topskip=14.0pt
* \footskip=30.0pt
* \marginparwidth=24.0pt
* \marginparsep=10.0pt
* \columnsep=10.0pt
* \skip\footins=12.0pt plus 4.0pt minus 2.0pt
* \hoffset=0.0pt
* \voffset=0.0pt
* \mag=1000
* \@twocolumnfalse
* \@twosidefalse
* \@mparswitchfalse
* \@reversemarginfalse
* (1in=72.27pt=25.4mm, 1cm=28.453pt)

\c@lstlisting=\count394
Package ragged2e Info: ABD: executing \RaggedRight on input line 46.
ABD: EverySelectfont initializing macros
LaTeX Info: Redefining \selectfont on input line 46.
LaTeX Font Info:    Trying to load font information for U+msa on input line 46.


(/private/var/containers/Bundle/Application/5F5005C8-E695-448A-B8AF-6037706974F
2/TeX Writer.app/texmf-base/./tex/latex/amsfonts/umsa.fd
File: umsa.fd 2013/01/14 v3.01 AMS symbols A
)
(/var/mobile/Containers/Data/Application/6C9FEFAA-4487-4660-BEE0-1B033EB4CD44/L
ibrary/Caches/texmf-dist/./tex/latex/microtype/mt-msa.cfg
File: mt-msa.cfg 2006/02/04 v1.1 microtype config. file: AMS symbols (a) (RS)
)
LaTeX Font Info:    Trying to load font information for U+msb on input line 46.


(/private/var/containers/Bundle/Application/5F5005C8-E695-448A-B8AF-6037706974F
2/TeX Writer.app/texmf-base/./tex/latex/amsfonts/umsb.fd
File: umsb.fd 2013/01/14 v3.01 AMS symbols B
)
(/var/mobile/Containers/Data/Application/6C9FEFAA-4487-4660-BEE0-1B033EB4CD44/L
ibrary/Caches/texmf-dist/./tex/latex/microtype/mt-msb.cfg
File: mt-msb.cfg 2005/06/01 v1.0 microtype config. file: AMS symbols (b) (RS)
)
LaTeX Font Info:    Trying to load font information for U+rsfs on input line 46
.

(/var/mobile/Containers/Data/Application/6C9FEFAA-4487-4660-BEE0-1B033EB4CD44/L
ibrary/Caches/texmf-dist/./tex/latex/jknapltx/ursfs.fd
File: ursfs.fd 1998/03/24 rsfs font definition file (jk)
)
LaTeX Font Info:    Trying to load font information for U+esint on input line 4
6.

(/var/mobile/Containers/Data/Application/6C9FEFAA-4487-4660-BEE0-1B033EB4CD44/L
ibrary/Caches/texmf-dist/./tex/latex/esint/uesint.fd
File: uesint.fd 
)
Package microtype Info: Loading generic protrusion settings for font family
(microtype)             `cmss' (encoding: OT1).
(microtype)             For optimal results, create family-specific settings.
(microtype)             See the microtype manual for details.
Package microtype Info: Loading generic protrusion settings for font family
(microtype)             `cmtt' (encoding: OT1).
(microtype)             For optimal results, create family-specific settings.
(microtype)             See the microtype manual for details.

Overfull \hbox (0.12514pt too wide) in paragraph at lines 76--77
[]\OT1/cmr/m/n/14.4 (+19) If $\OML/cmm/m/it/14.4 X \OT1/cmr/m/n/14.4 (+19) = \U
/msb/m/n/14.4 R[]$\OT1/cmr/m/n/14.4 (+19) , or a general metric space, or even 
a general topological space, then $\OMS/cmsy/m/n/14.4 B\OT1/cmr/m/n/14.4 (+19) 
(\OML/cmm/m/it/14.4 X\OT1/cmr/m/n/14.4 (+19) )$ 
 []


Package Fancyhdr Warning: \headheight is too small (14.0pt): 
Make it at least 17.0pt.
We now make it that large for the rest of the document.
This may cause the page layout to be inconsistent, however.

[1{/private/var/containers/Bundle/Application/5F5005C8-E695-448A-B8AF-603770697
4F2/TeX Writer.app/texmf-base/./fonts/map/pdftex/updmap/pdftex.map}

]
Overfull \hbox (0.18484pt too wide) in paragraph at lines 138--139
\OML/cmm/m/it/14.4 R \OMS/cmsy/m/n/14.4 ^^Z [[]\OML/cmm/m/it/14.4 R[]$\OT1/cmr/
m/n/14.4 (+13) , and $\OML/cmm/m/it/14.4 R[]$ \OT1/cmr/m/n/14.4 (+13) is an ope
n cover, by compactness of $\OML/cmm/m/it/14.4 R$ \OT1/cmr/m/n/14.4 (+13) there
 is a finite subcover, 
 []

[2] [3] [4] [5]
Overfull \hbox (8.69844pt too wide) in paragraph at lines 330--331
[][] \OML/cmm/m/it/14.4 ^^V\OT1/cmr/m/n/14.4 (-20) (\OML/cmm/m/it/14.4 A[]\OT1/
cmr/m/n/14.4 (-20) )$ for any $\OML/cmm/m/it/14.4 n \OMS/cmsy/m/n/14.4 2 \U/msb
/m/n/14.4 N$\OT1/cmr/m/n/14.4 (-20) . Be-cause $\OMS/cmsy/m/n/14.4 [[]\OML/cmm/
m/it/14.4 A[] \OMS/cmsy/m/n/14.4 ^^R [[]\OML/cmm/m/it/14.4 A[]$\OT1/cmr/m/n/14.
4 (-20) , we must have that $\OML/cmm/m/it/14.4 ^^V\OT1/cmr/m/n/14.4 (-20) (\OM
S/cmsy/m/n/14.4 [[]\OML/cmm/m/it/14.4 A[]\OT1/cmr/m/n/14.4 (-20) ) \OMS/cmsy/m/
n/14.4 ^^T 
 []

[6] [7] [8] [9]
Overfull \hbox (0.1184pt too wide) in paragraph at lines 494--495
\OT1/cmr/m/n/14.4 (+18) this implies $\OML/cmm/m/it/14.4 ^^V$ \OT1/cmr/m/n/14.4
 (+18) is Borel. Let us show that every closed subset $\OML/cmm/m/it/14.4 C \OM
S/cmsy/m/n/14.4 ^^R \OML/cmm/m/it/14.4 X$ \OT1/cmr/m/n/14.4 (+18) is $\OML/cmm/
m/it/14.4 ^^V$\OT1/cmr/m/n/14.4 (+18) -measurable. 
 []

[10] [11] [12] [13] [14]
Overfull \hbox (0.15086pt too wide) in paragraph at lines 696--697
[]\OT1/cmr/m/n/14.4 (+16) So we are odne for Borel sets. If $\OML/cmm/m/it/14.4
 A$ \OT1/cmr/m/n/14.4 (+16) is not Borel, then there exists a Borel $\OML/cmm/m
/it/14.4 B \OMS/cmsy/m/n/14.4 ^^R \U/msb/m/n/14.4 R[]$ 
 []

[15] [16] [17] [18]
Overfull \hbox (0.17366pt too wide) in paragraph at lines 873--874
[]\OT1/cmr/m/it/14.4 (+14) Then there exists $\OML/cmm/m/it/14.4 N[]$ \OT1/cmr/
m/it/14.4 (+14) countable collections $\OML/cmm/m/it/14.4 G[]; G[]; [] ; G[]$\O
T1/cmr/m/it/14.4 (+14) , each of which are disjoint 
 []

Missing character: There is no f in font rsfs10!
[19]
Overfull \hbox (11.80417pt too wide) in paragraph at lines 937--938
[]\OT1/cmr/m/n/14.4 (-20) New set of cen-ters $= \OML/cmm/m/it/14.4 A \OMS/cmsy
/m/n/14.4 \ \OML/cmm/m/it/14.4 U$\OT1/cmr/m/n/14.4 (-20) . By Besi-cov-itch, th
ere ex-ist $\OML/cmm/m/it/14.4 N[]$ \OT1/cmr/m/n/14.4 (-20) col-lec-tions $\OML
/cmm/m/it/14.4 G[]; G[]; [] ; G[] \OMS/cmsy/m/n/14.4 ^^R 
 []

[20] [21] [22] [23]
Overfull \hbox (6.81752pt too wide) in paragraph at lines 1222--1223
[]\OT1/cmr/m/n/14.4 (-20) For the first part, ob-serve that if $\OML/cmm/m/it/1
4.4 A$ \OT1/cmr/m/n/14.4 (-20) is $\OML/cmm/m/it/14.4 ^^V$\OT1/cmr/m/n/14.4 (-2
0) -measurable, then $\OML/cmm/m/it/14.4 A$ \OT1/cmr/m/n/14.4 (-20) is also $\O
ML/cmm/m/it/14.4 ^^W$\OT1/cmr/m/n/14.4 (-20) -measurable. 
 []

[24] [25] 
AED: lastpage setting LastPage
[26]
Package atveryend Info: Empty hook `BeforeClearDocument' on input line 1358.
Package atveryend Info: Empty hook `AfterLastShipout' on input line 1358.
 (201B notes.aux)
Package atveryend Info: Executing hook `AtVeryEndDocument' on input line 1358.
Package atveryend Info: Executing hook `AtEndAfterFileList' on input line 1358.

Package rerunfilecheck Info: File `"201B notes".out' has not changed.
(rerunfilecheck)             Checksum: D41D8CD98F00B204E9800998ECF8427E;0.
Package atveryend Info: Empty hook `AtVeryVeryEnd' on input line 1358.
 ) 
Here is how much of TeX's memory you used:
 33410 strings out of 480618
 726303 string characters out of 5894377
 1020742 words of memory out of 5000000
 48402 multiletter control sequences out of 15000+600000
 552291 words of font info for 150 fonts, out of 8000000 for 9000
 1141 hyphenation exceptions out of 8191
 63i,15n,109p,969b,1015s stack positions out of 5000i,500n,10000p,200000b,80000s
{/var/mobile/Containers/Data/Application/6C9FEFAA-4487-4660-BEE0-1B033EB4CD44
/Library/Caches/texmf-dist/./fonts/enc/dvips/cm-super/cm-super-ts1.enc}</privat
e/var/containers/Bundle/Application/5F5005C8-E695-448A-B8AF-6037706974F2/TeX Wr
iter.app/texmf-base/./fonts/type1/public/amsfonts/cm/cmbx12.pfb></private/var/c
ontainers/Bundle/Application/5F5005C8-E695-448A-B8AF-6037706974F2/TeX Writer.ap
p/texmf-base/./fonts/type1/public/amsfonts/cm/cmex10.pfb></private/var/containe
rs/Bundle/Application/5F5005C8-E695-448A-B8AF-6037706974F2/TeX Writer.app/texmf
-base/./fonts/type1/public/amsfonts/cm/cmmi10.pfb></private/var/containers/Bund
le/Application/5F5005C8-E695-448A-B8AF-6037706974F2/TeX Writer.app/texmf-base/.
/fonts/type1/public/amsfonts/cm/cmmi12.pfb></private/var/containers/Bundle/Appl
ication/5F5005C8-E695-448A-B8AF-6037706974F2/TeX Writer.app/texmf-base/./fonts/
type1/public/amsfonts/cm/cmmi7.pfb></private/var/containers/Bundle/Application/
5F5005C8-E695-448A-B8AF-6037706974F2/TeX Writer.app/texmf-base/./fonts/type1/pu
blic/amsfonts/cm/cmr10.pfb></private/var/containers/Bundle/Application/5F5005C8
-E695-448A-B8AF-6037706974F2/TeX Writer.app/texmf-base/./fonts/type1/public/ams
fonts/cm/cmr12.pfb></private/var/containers/Bundle/Application/5F5005C8-E695-44
8A-B8AF-6037706974F2/TeX Writer.app/texmf-base/./fonts/type1/public/amsfonts/cm
/cmr17.pfb></private/var/containers/Bundle/Application/5F5005C8-E695-448A-B8AF-
6037706974F2/TeX Writer.app/texmf-base/./fonts/type1/public/amsfonts/cm/cmr7.pf
b></private/var/containers/Bundle/Application/5F5005C8-E695-448A-B8AF-603770697
4F2/TeX Writer.app/texmf-base/./fonts/type1/public/amsfonts/cm/cmsy10.pfb></pri
vate/var/containers/Bundle/Application/5F5005C8-E695-448A-B8AF-6037706974F2/TeX
 Writer.app/texmf-base/./fonts/type1/public/amsfonts/cm/cmsy7.pfb></private/var
/containers/Bundle/Application/5F5005C8-E695-448A-B8AF-6037706974F2/TeX Writer.
app/texmf-base/./fonts/type1/public/amsfonts/cm/cmti12.pfb></var/mobile/Contain
ers/Data/Application/6C9FEFAA-4487-4660-BEE0-1B033EB4CD44/Library/Caches/texmf-
dist/./fonts/type1/public/esint-type1/esint10.pfb></private/var/containers/Bund
le/Application/5F5005C8-E695-448A-B8AF-6037706974F2/TeX Writer.app/texmf-base/.
/fonts/type1/public/amsfonts/symbols/msam10.pfb></private/var/containers/Bundle
/Application/5F5005C8-E695-448A-B8AF-6037706974F2/TeX Writer.app/texmf-base/./f
onts/type1/public/amsfonts/symbols/msbm10.pfb></var/mobile/Containers/Data/Appl
ication/6C9FEFAA-4487-4660-BEE0-1B033EB4CD44/Library/Caches/texmf-dist/./fonts/
type1/public/rsfs/rsfs10.pfb></var/mobile/Containers/Data/Application/6C9FEFAA-
4487-4660-BEE0-1B033EB4CD44/Library/Caches/texmf-dist/./fonts/type1/public/cm-s
uper/sfrm1440.pfb>
Output written on "201B notes.pdf" (26 pages, 316609 bytes).
PDF statistics:
 333 PDF objects out of 1000 (max. 8388607)
 121 named destinations out of 1000 (max. 500000)
 28685 words of extra memory for PDF output out of 29859 (max. 10000000)

